-------------------------------------------------------------------------------------------------------------------------------
      name:  <unnamed>
       log:  C:\Users\k1635179\OneDrive - King's College London\Katie\OpenSafely\Safety mAB and antivirals\Safety-Sotrovimab-Pa
> xlovid-Molnupiravir/logs/baseline_characterisitcs.log
  log type:  text
 opened on:   6 Jun 2023, 20:50:52

. 
. *Set Ado file path
. adopath + "$projectdir/analysis/ado"
  [1]  (BASE)      "C:\Program Files\Stata17\ado\base/"
  [2]  (SITE)      "C:\Program Files\Stata17\ado\site/"
  [3]              "."
  [4]  (PERSONAL)  "C:\users\PUBLIC\documents/"
  [5]  (PLUS)      "C:\users\PUBLIC\documents/"
  [6]  (OLDPLACE)  "c:\ado/"
  [7]              "C:\Users\k1635179\OneDrive - King's College London\Katie\OpenSafely\Safety mAB and antivirals\Safety-Sotrov
> imab-Paxlovid-Molnupiravir/analysis/ado"

. 
. * SET Index date 
. global indexdate                        = "01/03/2020"

. 
. use "$projectdir/output/data/main", clear

. 
. /*Tables=====================================================================================*/
. table1_mc, by(drug) total(before) onecol iqrmiddle(",")  ///
>                 vars(age contn %5.1f \ ///
>                         age_group cat %5.1f \ ///       
>                         bmi contn %5.1f \       ///             
>                         bmi_group cat %5.1f \ ///       
>                         bmi_30 bin %5.1f \ ///
>                     sex cat %5.1f \ ///
>                         ethnicity cat %5.1f \ ///
>                         ethnicity_with_missing cat %5.1f \ ///
>                         imdq5 cat %5.1f \ ///
>                         region_nhs cat %5.1f \ ///
>                         region_covid_therapeutics cat %5.1f \ ///
>                         stp cat %5.1f \ ///
>                         pre_drug_test cat %5.1f \       ///     
>                         downs_syndrome bin %5.1f \ ///
>                         downs_syndrome_therap bin %5.1f \ ///
>                         downs_syndrome_comb bin %5.1f \ ///
>                         solid_cancer bin %5.1f \ ///
>                         solid_cancer_therap bin %5.1f \ ///
>                         solid_cancer_comb bin %5.1f \ ///
>                         haem_disease bin %5.1f \ ///
>                         haem_disease_therap bin %5.1f \ ///
>                         haem_disease_comb bin %5.1f \ ///
>                         renal_disease bin %5.1f \ ///
>                         renal_disease_therap bin %5.1f \ ///
>                         renal_disease_comb bin %5.1f \ ///
>                         liver_disease bin %5.1f \ ///
>                         liver_disease_therap bin %5.1f \ ///
>                         liver_disease_comb bin %5.1f \ ///
>                         imid_on_drug bin %5.1f \ ///
>                         imid_on_drug_therap bin %5.1f \ ///                     
>                         imid_on_drug_comb bin %5.1f \ ///
>                         immunosupression bin %5.1f \ ///
>                         immunosupression_therap bin %5.1f \ ///
>                         immunosupression_comb bin %5.1f \ ///
>                         hiv_aids bin %5.1f \ ///
>                         hiv_aids_therap bin %5.1f \ ///
>                         hiv_aids_comb bin %5.1f \ ///
>                         organ_transplant bin %5.1f \ ///
>                         organ_transplant_therap bin %5.1f \ ///
>                         organ_transplant_comb bin %5.1f \ ///
>                         rare_neuro bin %5.1f \ ///
>                         rare_neuro_therap bin %5.1f \ ///
>                         rare_neuro_comb bin %5.1f \ ///
>                         diabetes bin %5.1f \ ///
>                         chronic_cardiac_disease bin %5.1f \ ///
>                         hypertension bin %5.1f \ ///
>                         chronic_respiratory_disease bin %5.1f \ ///
>                         vaccination_status cat %5.1f \ ///
>                         month_vacc_covid conts %5.1f \ ///
>                         prior_covid  bin %5.1f \ ///
>                         prior_covid_index bin %5.1f \ ///
>                         egfr_60 bin %5.1f \ ///
>                         egfr_30 bin %5.1f \ ///
>                         paxlovid_interaction bin %5.1f \ ///
>                         nirmatrelvir_interaction bin %5.1f \ ///
>                         paxlovid_contraindicated bin %5.1f)

  +-----------------------------------------------------------------------------------------------------------------+
  | factor                           N_T      N_0     N_1     N_2     N_3      m_T      m_0     m_1     m_2     m_3 |
  |-----------------------------------------------------------------------------------------------------------------|
  | age                           29,976   20,959   2,970   2,987   3,060        0        0       0       0       0 |
  |-----------------------------------------------------------------------------------------------------------------|
  | age_group                     29,976   20,959   2,970   2,987   3,060        0        0       0       0       0 |
  |-----------------------------------------------------------------------------------------------------------------|
  | bmi                           28,112   19,697   2,777   2,777   2,861    1,864    1,262     193     210     199 |
  |-----------------------------------------------------------------------------------------------------------------|
  | bmi_group                     28,112   19,697   2,777   2,777   2,861    1,864    1,262     193     210     199 |
  |-----------------------------------------------------------------------------------------------------------------|
  | bmi_30                        28,112   19,697   2,777   2,777   2,861    1,864    1,262     193     210     199 |
  |-----------------------------------------------------------------------------------------------------------------|
  | sex                           29,976   20,959   2,970   2,987   3,060        0        0       0       0       0 |
  |-----------------------------------------------------------------------------------------------------------------|
  | ethnicity                     12,050    8,490   1,182   1,174   1,204   17,926   12,469   1,788   1,813   1,856 |
  |-----------------------------------------------------------------------------------------------------------------|
  | ethnicity_with_missing        29,976   20,959   2,970   2,987   3,060        0        0       0       0       0 |
  |-----------------------------------------------------------------------------------------------------------------|
  | imdQ5                         29,688   20,757   2,940   2,958   3,033      288      202      30      29      27 |
  |-----------------------------------------------------------------------------------------------------------------|
  | region_nhs                    29,976   20,959   2,970   2,987   3,060        0        0       0       0       0 |
  |-----------------------------------------------------------------------------------------------------------------|
  | region_covid_therapeutics     29,976   20,959   2,970   2,987   3,060        0        0       0       0       0 |
  |-----------------------------------------------------------------------------------------------------------------|
  | stp                           29,976   20,959   2,970   2,987   3,060        0        0       0       0       0 |
  |-----------------------------------------------------------------------------------------------------------------|
  | pre_drug_test                  9,017        0   2,970   2,987   3,060   20,959   20,959       0       0       0 |
  |-----------------------------------------------------------------------------------------------------------------|
  | downs_syndrome                29,976   20,959   2,970   2,987   3,060        0        0       0       0       0 |
  |-----------------------------------------------------------------------------------------------------------------|
  | downs_syndrome_therap         29,976   20,959   2,970   2,987   3,060        0        0       0       0       0 |
  |-----------------------------------------------------------------------------------------------------------------|
  | downs_syndrome_comb           29,976   20,959   2,970   2,987   3,060        0        0       0       0       0 |
  |-----------------------------------------------------------------------------------------------------------------|
  | solid_cancer                  29,976   20,959   2,970   2,987   3,060        0        0       0       0       0 |
  |-----------------------------------------------------------------------------------------------------------------|
  | solid_cancer_therap           29,976   20,959   2,970   2,987   3,060        0        0       0       0       0 |
  |-----------------------------------------------------------------------------------------------------------------|
  | solid_cancer_comb             29,976   20,959   2,970   2,987   3,060        0        0       0       0       0 |
  |-----------------------------------------------------------------------------------------------------------------|
  | haem_disease                  29,976   20,959   2,970   2,987   3,060        0        0       0       0       0 |
  |-----------------------------------------------------------------------------------------------------------------|
  | haem_disease_therap           29,976   20,959   2,970   2,987   3,060        0        0       0       0       0 |
  |-----------------------------------------------------------------------------------------------------------------|
  | haem_disease_comb             29,976   20,959   2,970   2,987   3,060        0        0       0       0       0 |
  |-----------------------------------------------------------------------------------------------------------------|
  | renal_disease                 29,976   20,959   2,970   2,987   3,060        0        0       0       0       0 |
  |-----------------------------------------------------------------------------------------------------------------|
  | renal_disease_therap          29,976   20,959   2,970   2,987   3,060        0        0       0       0       0 |
  |-----------------------------------------------------------------------------------------------------------------|
  | renal_disease_comb            29,976   20,959   2,970   2,987   3,060        0        0       0       0       0 |
  |-----------------------------------------------------------------------------------------------------------------|
  | liver_disease                 29,976   20,959   2,970   2,987   3,060        0        0       0       0       0 |
  |-----------------------------------------------------------------------------------------------------------------|
  | liver_disease_therap          29,976   20,959   2,970   2,987   3,060        0        0       0       0       0 |
  |-----------------------------------------------------------------------------------------------------------------|
  | liver_disease_comb            29,976   20,959   2,970   2,987   3,060        0        0       0       0       0 |
  |-----------------------------------------------------------------------------------------------------------------|
  | imid_on_drug                  29,976   20,959   2,970   2,987   3,060        0        0       0       0       0 |
  |-----------------------------------------------------------------------------------------------------------------|
  | imid_on_drug_therap           29,976   20,959   2,970   2,987   3,060        0        0       0       0       0 |
  |-----------------------------------------------------------------------------------------------------------------|
  | imid_on_drug_comb             29,976   20,959   2,970   2,987   3,060        0        0       0       0       0 |
  |-----------------------------------------------------------------------------------------------------------------|
  | immunosupression              29,976   20,959   2,970   2,987   3,060        0        0       0       0       0 |
  |-----------------------------------------------------------------------------------------------------------------|
  | immunosupression_therap       29,976   20,959   2,970   2,987   3,060        0        0       0       0       0 |
  |-----------------------------------------------------------------------------------------------------------------|
  | immunosupression_comb         29,976   20,959   2,970   2,987   3,060        0        0       0       0       0 |
  |-----------------------------------------------------------------------------------------------------------------|
  | hiv_aids                      29,976   20,959   2,970   2,987   3,060        0        0       0       0       0 |
  |-----------------------------------------------------------------------------------------------------------------|
  | hiv_aids_therap               29,976   20,959   2,970   2,987   3,060        0        0       0       0       0 |
  |-----------------------------------------------------------------------------------------------------------------|
  | hiv_aids_comb                 29,976   20,959   2,970   2,987   3,060        0        0       0       0       0 |
  |-----------------------------------------------------------------------------------------------------------------|
  | organ_transplant              29,976   20,959   2,970   2,987   3,060        0        0       0       0       0 |
  |-----------------------------------------------------------------------------------------------------------------|
  | organ_transplant_therap       29,976   20,959   2,970   2,987   3,060        0        0       0       0       0 |
  |-----------------------------------------------------------------------------------------------------------------|
  | organ_transplant_comb         29,976   20,959   2,970   2,987   3,060        0        0       0       0       0 |
  |-----------------------------------------------------------------------------------------------------------------|
  | rare_neuro                    29,976   20,959   2,970   2,987   3,060        0        0       0       0       0 |
  |-----------------------------------------------------------------------------------------------------------------|
  | rare_neuro_therap             29,976   20,959   2,970   2,987   3,060        0        0       0       0       0 |
  |-----------------------------------------------------------------------------------------------------------------|
  | rare_neuro_comb               29,976   20,959   2,970   2,987   3,060        0        0       0       0       0 |
  |-----------------------------------------------------------------------------------------------------------------|
  | diabetes                      29,976   20,959   2,970   2,987   3,060        0        0       0       0       0 |
  |-----------------------------------------------------------------------------------------------------------------|
  | chronic_cardiac_disease       29,976   20,959   2,970   2,987   3,060        0        0       0       0       0 |
  |-----------------------------------------------------------------------------------------------------------------|
  | hypertension                  29,976   20,959   2,970   2,987   3,060        0        0       0       0       0 |
  |-----------------------------------------------------------------------------------------------------------------|
  | chronic_respiratory_disease   29,976   20,959   2,970   2,987   3,060        0        0       0       0       0 |
  |-----------------------------------------------------------------------------------------------------------------|
  | vaccination_status            29,976   20,959   2,970   2,987   3,060        0        0       0       0       0 |
  |-----------------------------------------------------------------------------------------------------------------|
  | month_vacc_covid              25,835   18,126   2,537   2,558   2,614    4,141    2,833     433     429     446 |
  |-----------------------------------------------------------------------------------------------------------------|
  | prior_covid                   29,976   20,959   2,970   2,987   3,060        0        0       0       0       0 |
  |-----------------------------------------------------------------------------------------------------------------|
  | prior_covid_index             29,976   20,959   2,970   2,987   3,060        0        0       0       0       0 |
  |-----------------------------------------------------------------------------------------------------------------|
  | egfr_60                        3,774    2,650     360     375     389   26,202   18,309   2,610   2,612   2,671 |
  |-----------------------------------------------------------------------------------------------------------------|
  | egfr_30                          888      609      99      80     100   29,088   20,350   2,871   2,907   2,960 |
  |-----------------------------------------------------------------------------------------------------------------|
  | paxlovid_interaction          29,976   20,959   2,970   2,987   3,060        0        0       0       0       0 |
  |-----------------------------------------------------------------------------------------------------------------|
  | nirmatrelvir_interaction      29,976   20,959   2,970   2,987   3,060        0        0       0       0       0 |
  |-----------------------------------------------------------------------------------------------------------------|
  | paxlovid_contraindicated      29,976   20,959   2,970   2,987   3,060        0        0       0       0       0 |
  +-----------------------------------------------------------------------------------------------------------------+
   N_ ... #records used below,   m_ ... #records not used
 
  +----------------------------------------------------------------------------------------------------------------------------
> ------------+
  |                                      Total             control           sotrovimab        paxlovid          molnupiravir  
>     p-value |
  |----------------------------------------------------------------------------------------------------------------------------
> ------------|
  |                                      N=29,976          N=20,959          N=2,970           N=2,987           N=3,060       
>             |
  |----------------------------------------------------------------------------------------------------------------------------
> ------------|
  | age                                  48.7 (18.9)       48.7 (18.9)       48.1 (18.7)       48.9 (19.0)       49.2 (18.6)   
>      0.14   |
  |----------------------------------------------------------------------------------------------------------------------------
> ------------|
  | age_group                                                                                                                  
>      0.34   |
  |    18-39                             10,922 (36.4%)    7,636 (36.4%)     1,125 (37.9%)     1,082 (36.2%)     1,079 (35.3%) 
>             |
  |    40-59                             10,091 (33.7%)    7,043 (33.6%)     991 (33.4%)       1,029 (34.4%)     1,028 (33.6%) 
>             |
  |    >=60                              8,963 (29.9%)     6,280 (30.0%)     854 (28.8%)       876 (29.3%)       953 (31.1%)   
>             |
  |----------------------------------------------------------------------------------------------------------------------------
> ------------|
  | bmi                                  28.3 (7.6)        28.3 (7.6)        28.3 (7.5)        28.4 (7.6)        28.1 (7.8)    
>      0.48   |
  |----------------------------------------------------------------------------------------------------------------------------
> ------------|
  | bmi_group                                                                                                                  
>      0.75   |
  |    underweight                       2,915 (10.4%)     2,041 (10.4%)     294 (10.6%)       274 ( 9.9%)       306 (10.7%)   
>             |
  |    normal                            6,730 (23.9%)     4,691 (23.8%)     656 (23.6%)       663 (23.9%)       720 (25.2%)   
>             |
  |    overweight                        6,879 (24.5%)     4,799 (24.4%)     680 (24.5%)       706 (25.4%)       694 (24.3%)   
>             |
  |    obese                             11,588 (41.2%)    8,166 (41.5%)     1,147 (41.3%)     1,134 (40.8%)     1,141 (39.9%) 
>             |
  |----------------------------------------------------------------------------------------------------------------------------
> ------------|
  | bmi_30                               11,588 (41.2%)    8,166 (41.5%)     1,147 (41.3%)     1,134 (40.8%)     1,141 (39.9%) 
>      0.43   |
  |----------------------------------------------------------------------------------------------------------------------------
> ------------|
  | sex                                                                                                                        
>      0.28   |
  |    Male                              14,702 (49.0%)    10,205 (48.7%)    1,493 (50.3%)     1,488 (49.8%)     1,516 (49.5%) 
>             |
  |    Female                            15,274 (51.0%)    10,754 (51.3%)    1,477 (49.7%)     1,499 (50.2%)     1,544 (50.5%) 
>             |
  |----------------------------------------------------------------------------------------------------------------------------
> ------------|
  | ethnicity                                                                                                                  
>      0.64   |
  |    Black                             1,160 ( 9.6%)     816 ( 9.6%)       108 ( 9.1%)       125 (10.6%)       111 ( 9.2%)   
>             |
  |    Mixed                             1,164 ( 9.7%)     793 ( 9.3%)       122 (10.3%)       116 ( 9.9%)       133 (11.0%)   
>             |
  |    Other                             1,229 (10.2%)     875 (10.3%)       123 (10.4%)       125 (10.6%)       106 ( 8.8%)   
>             |
  |    South Asian                       1,186 ( 9.8%)     828 ( 9.8%)       122 (10.3%)       118 (10.1%)       118 ( 9.8%)   
>             |
  |    White                             7,311 (60.7%)     5,178 (61.0%)     707 (59.8%)       690 (58.8%)       736 (61.1%)   
>             |
  |----------------------------------------------------------------------------------------------------------------------------
> ------------|
  | ethnicity_with_missing                                                                                                     
>      0.64   |
  |    1                                 1,160 ( 3.9%)     816 ( 3.9%)       108 ( 3.6%)       125 ( 4.2%)       111 ( 3.6%)   
>             |
  |    2                                 1,164 ( 3.9%)     793 ( 3.8%)       122 ( 4.1%)       116 ( 3.9%)       133 ( 4.3%)   
>             |
  |    3                                 1,229 ( 4.1%)     875 ( 4.2%)       123 ( 4.1%)       125 ( 4.2%)       106 ( 3.5%)   
>             |
  |    4                                 1,186 ( 4.0%)     828 ( 4.0%)       122 ( 4.1%)       118 ( 4.0%)       118 ( 3.9%)   
>             |
  |    5                                 7,311 (24.4%)     5,178 (24.7%)     707 (23.8%)       690 (23.1%)       736 (24.1%)   
>             |
  |    9                                 17,926 (59.8%)    12,469 (59.5%)    1,788 (60.2%)     1,813 (60.7%)     1,856 (60.7%) 
>             |
  |----------------------------------------------------------------------------------------------------------------------------
> ------------|
  | imdQ5                                                                                                                      
>      0.88   |
  |    1 least deprived                  5,633 (19.0%)     3,978 (19.2%)     535 (18.2%)       567 (19.2%)       553 (18.2%)   
>             |
  |    2                                 6,061 (20.4%)     4,221 (20.3%)     598 (20.3%)       606 (20.5%)       636 (21.0%)   
>             |
  |    3                                 6,029 (20.3%)     4,209 (20.3%)     607 (20.6%)       592 (20.0%)       621 (20.5%)   
>             |
  |    4                                 5,892 (19.8%)     4,129 (19.9%)     583 (19.8%)       562 (19.0%)       618 (20.4%)   
>             |
  |    5 most deprived                   6,073 (20.5%)     4,220 (20.3%)     617 (21.0%)       631 (21.3%)       605 (19.9%)   
>             |
  |----------------------------------------------------------------------------------------------------------------------------
> ------------|
  | region_nhs                                                                                                                 
>      0.76   |
  |    East                              3,012 (10.0%)     2,098 (10.0%)     292 ( 9.8%)       314 (10.5%)       308 (10.1%)   
>             |
  |    East Midlands                     2,957 ( 9.9%)     2,069 ( 9.9%)     302 (10.2%)       294 ( 9.8%)       292 ( 9.5%)   
>             |
  |    London                            6,012 (20.1%)     4,234 (20.2%)     599 (20.2%)       565 (18.9%)       614 (20.1%)   
>             |
  |    North East                        3,072 (10.2%)     2,143 (10.2%)     314 (10.6%)       320 (10.7%)       295 ( 9.6%)   
>             |
  |    North West                        2,936 ( 9.8%)     2,078 ( 9.9%)     275 ( 9.3%)       280 ( 9.4%)       303 ( 9.9%)   
>             |
  |    South East                        2,974 ( 9.9%)     2,070 ( 9.9%)     287 ( 9.7%)       315 (10.5%)       302 ( 9.9%)   
>             |
  |    South West                        2,994 (10.0%)     2,037 ( 9.7%)     324 (10.9%)       322 (10.8%)       311 (10.2%)   
>             |
  |    West Midlands                     3,055 (10.2%)     2,158 (10.3%)     287 ( 9.7%)       300 (10.0%)       310 (10.1%)   
>             |
  |    Yorkshire and The Humber          2,964 ( 9.9%)     2,072 ( 9.9%)     290 ( 9.8%)       277 ( 9.3%)       325 (10.6%)   
>             |
  |----------------------------------------------------------------------------------------------------------------------------
> ------------|
  | region_covid_therapeutics                                                                                                  
>      0.28   |
  |    East                              2,973 ( 9.9%)     2,057 ( 9.8%)     298 (10.0%)       303 (10.1%)       315 (10.3%)   
>             |
  |    East Midlands                     3,010 (10.0%)     2,069 ( 9.9%)     314 (10.6%)       313 (10.5%)       314 (10.3%)   
>             |
  |    London                            5,969 (19.9%)     4,169 (19.9%)     576 (19.4%)       611 (20.5%)       613 (20.0%)   
>             |
  |    North East                        2,932 ( 9.8%)     2,058 ( 9.8%)     320 (10.8%)       260 ( 8.7%)       294 ( 9.6%)   
>             |
  |    North West                        2,992 (10.0%)     2,126 (10.1%)     289 ( 9.7%)       290 ( 9.7%)       287 ( 9.4%)   
>             |
  |    South East                        2,926 ( 9.8%)     2,088 (10.0%)     266 ( 9.0%)       286 ( 9.6%)       286 ( 9.3%)   
>             |
  |    South West                        3,087 (10.3%)     2,194 (10.5%)     261 ( 8.8%)       313 (10.5%)       319 (10.4%)   
>             |
  |    West Midlands                     3,075 (10.3%)     2,117 (10.1%)     331 (11.1%)       309 (10.3%)       318 (10.4%)   
>             |
  |    Yorkshire and The Humber          3,012 (10.0%)     2,081 ( 9.9%)     315 (10.6%)       302 (10.1%)       314 (10.3%)   
>             |
  |----------------------------------------------------------------------------------------------------------------------------
> ------------|
  | stp                                                                                                                        
>      0.14   |
  |    STP1                              3,024 (10.1%)     2,156 (10.3%)     296 (10.0%)       293 ( 9.8%)       279 ( 9.1%)   
>             |
  |    STP10                             2,910 ( 9.7%)     2,047 ( 9.8%)     287 ( 9.7%)       293 ( 9.8%)       283 ( 9.2%)   
>             |
  |    STP2                              2,983 (10.0%)     2,053 ( 9.8%)     296 (10.0%)       290 ( 9.7%)       344 (11.2%)   
>             |
  |    STP3                              2,945 ( 9.8%)     2,073 ( 9.9%)     310 (10.4%)       270 ( 9.0%)       292 ( 9.5%)   
>             |
  |    STP4                              2,999 (10.0%)     2,076 ( 9.9%)     288 ( 9.7%)       338 (11.3%)       297 ( 9.7%)   
>             |
  |    STP5                              3,013 (10.1%)     2,103 (10.0%)     316 (10.6%)       292 ( 9.8%)       302 ( 9.9%)   
>             |
  |    STP6                              2,999 (10.0%)     2,062 ( 9.8%)     325 (10.9%)       305 (10.2%)       307 (10.0%)   
>             |
  |    STP7                              3,112 (10.4%)     2,190 (10.4%)     286 ( 9.6%)       304 (10.2%)       332 (10.8%)   
>             |
  |    STP8                              3,047 (10.2%)     2,121 (10.1%)     316 (10.6%)       294 ( 9.8%)       316 (10.3%)   
>             |
  |    STP9                              2,944 ( 9.8%)     2,078 ( 9.9%)     250 ( 8.4%)       308 (10.3%)       308 (10.1%)   
>             |
  |----------------------------------------------------------------------------------------------------------------------------
> ------------|
  | pre_drug_test                                                                                                              
>      0.12   |
  |    <3 days                           64 ( 0.7%)                          24 ( 0.8%)        30 ( 1.0%)        10 ( 0.3%)    
>             |
  |    3-5 days                          30 ( 0.3%)                          11 ( 0.4%)        11 ( 0.4%)        8 ( 0.3%)     
>             |
  |    5-7 days                          43 ( 0.5%)                          16 ( 0.5%)        14 ( 0.5%)        13 ( 0.4%)    
>             |
  |    >7 days & <21 days                166 ( 1.8%)                         50 ( 1.7%)        52 ( 1.7%)        64 ( 2.1%)    
>             |
  |    treatment proceeds test <7 days   82 ( 0.9%)                          21 ( 0.7%)        28 ( 0.9%)        33 ( 1.1%)    
>             |
  |    no test                           8,632 (95.7%)                       2,848 (95.9%)     2,852 (95.5%)     2,932 (95.8%) 
>             |
  |----------------------------------------------------------------------------------------------------------------------------
> ------------|
  | downs_syndrome                       5,758 (19.2%)     4,021 (19.2%)     577 (19.4%)       585 (19.6%)       575 (18.8%)   
>      0.87   |
  |----------------------------------------------------------------------------------------------------------------------------
> ------------|
  | downs_syndrome_therap                3,031 (10.1%)     2,149 (10.3%)     287 ( 9.7%)       293 ( 9.8%)       302 ( 9.9%)   
>      0.66   |
  |----------------------------------------------------------------------------------------------------------------------------
> ------------|
  | downs_syndrome_comb                  8,206 (27.4%)     5,773 (27.5%)     814 (27.4%)       809 (27.1%)       810 (26.5%)   
>      0.64   |
  |----------------------------------------------------------------------------------------------------------------------------
> ------------|
  | solid_cancer                         3,058 (10.2%)     2,106 (10.0%)     312 (10.5%)       303 (10.1%)       337 (11.0%)   
>      0.38   |
  |----------------------------------------------------------------------------------------------------------------------------
> ------------|
  | solid_cancer_therap                  6,001 (20.0%)     4,159 (19.8%)     616 (20.7%)       587 (19.7%)       639 (20.9%)   
>      0.38   |
  |----------------------------------------------------------------------------------------------------------------------------
> ------------|
  | solid_cancer_comb                    8,456 (28.2%)     5,850 (27.9%)     871 (29.3%)       838 (28.1%)       897 (29.3%)   
>      0.20   |
  |----------------------------------------------------------------------------------------------------------------------------
> ------------|
  | haem_disease                         14,077 (47.0%)    9,779 (46.7%)     1,413 (47.6%)     1,446 (48.4%)     1,439 (47.0%) 
>      0.29   |
  |----------------------------------------------------------------------------------------------------------------------------
> ------------|
  | haem_disease_therap                  7,388 (24.6%)     5,180 (24.7%)     703 (23.7%)       740 (24.8%)       765 (25.0%)   
>      0.61   |
  |----------------------------------------------------------------------------------------------------------------------------
> ------------|
  | haem_disease_comb                    17,983 (60.0%)    12,528 (59.8%)    1,792 (60.3%)     1,839 (61.6%)     1,824 (59.6%) 
>      0.28   |
  |----------------------------------------------------------------------------------------------------------------------------
> ------------|
  | renal_disease                        10,277 (34.3%)    7,170 (34.2%)     1,041 (35.1%)     1,000 (33.5%)     1,066 (34.8%) 
>      0.55   |
  |----------------------------------------------------------------------------------------------------------------------------
> ------------|
  | renal_disease_therap                 2,979 ( 9.9%)     2,102 (10.0%)     301 (10.1%)       282 ( 9.4%)       294 ( 9.6%)   
>      0.68   |
  |----------------------------------------------------------------------------------------------------------------------------
> ------------|
  | renal_disease_comb                   12,237 (40.8%)    8,552 (40.8%)     1,237 (41.6%)     1,186 (39.7%)     1,262 (41.2%) 
>      0.46   |
  |----------------------------------------------------------------------------------------------------------------------------
> ------------|
  | liver_disease                        5,672 (18.9%)     3,954 (18.9%)     548 (18.5%)       574 (19.2%)       596 (19.5%)   
>      0.74   |
  |----------------------------------------------------------------------------------------------------------------------------
> ------------|
  | liver_disease_therap                 1,535 ( 5.1%)     1,068 ( 5.1%)     173 ( 5.8%)       148 ( 5.0%)       146 ( 4.8%)   
>      0.26   |
  |----------------------------------------------------------------------------------------------------------------------------
> ------------|
  | liver_disease_comb                   6,903 (23.0%)     4,808 (22.9%)     682 (23.0%)       698 (23.4%)       715 (23.4%)   
>      0.92   |
  |----------------------------------------------------------------------------------------------------------------------------
> ------------|
  | imid_on_drug                         6,516 (21.7%)     4,571 (21.8%)     614 (20.7%)       665 (22.3%)       666 (21.8%)   
>      0.47   |
  |----------------------------------------------------------------------------------------------------------------------------
> ------------|
  | imid_on_drug_therap                  6,080 (20.3%)     4,231 (20.2%)     622 (20.9%)       610 (20.4%)       617 (20.2%)   
>      0.81   |
  |----------------------------------------------------------------------------------------------------------------------------
> ------------|
  | imid_on_drug_comb                    11,274 (37.6%)    7,873 (37.6%)     1,109 (37.3%)     1,126 (37.7%)     1,166 (38.1%) 
>      0.93   |
  |----------------------------------------------------------------------------------------------------------------------------
> ------------|
  | immunosupression                     2,984 (10.0%)     2,090 (10.0%)     279 ( 9.4%)       319 (10.7%)       296 ( 9.7%)   
>      0.38   |
  |----------------------------------------------------------------------------------------------------------------------------
> ------------|
  | immunosupression_therap              3,000 (10.0%)     2,111 (10.1%)     277 ( 9.3%)       318 (10.6%)       294 ( 9.6%)   
>      0.32   |
  |----------------------------------------------------------------------------------------------------------------------------
> ------------|
  | immunosupression_comb                5,688 (19.0%)     3,988 (19.0%)     533 (17.9%)       603 (20.2%)       564 (18.4%)   
>      0.14   |
  |----------------------------------------------------------------------------------------------------------------------------
> ------------|
  | hiv_aids                             5,685 (19.0%)     3,972 (19.0%)     561 (18.9%)       590 (19.8%)       562 (18.4%)   
>      0.59   |
  |----------------------------------------------------------------------------------------------------------------------------
> ------------|
  | hiv_aids_therap                      1,554 ( 5.2%)     1,073 ( 5.1%)     164 ( 5.5%)       144 ( 4.8%)       173 ( 5.7%)   
>      0.39   |
  |----------------------------------------------------------------------------------------------------------------------------
> ------------|
  | hiv_aids_comb                        6,931 (23.1%)     4,838 (23.1%)     692 (23.3%)       701 (23.5%)       700 (22.9%)   
>      0.95   |
  |----------------------------------------------------------------------------------------------------------------------------
> ------------|
  | organ_transplant                     9,378 (31.3%)     6,546 (31.2%)     947 (31.9%)       920 (30.8%)       965 (31.5%)   
>      0.82   |
  |----------------------------------------------------------------------------------------------------------------------------
> ------------|
  | organ_transplant_therap              2,979 ( 9.9%)     2,102 (10.0%)     301 (10.1%)       282 ( 9.4%)       294 ( 9.6%)   
>      0.68   |
  |----------------------------------------------------------------------------------------------------------------------------
> ------------|
  | organ_transplant_comb                11,411 (38.1%)    7,983 (38.1%)     1,150 (38.7%)     1,103 (36.9%)     1,175 (38.4%) 
>      0.51   |
  |----------------------------------------------------------------------------------------------------------------------------
> ------------|
  | rare_neuro                           17,079 (57.0%)    11,940 (57.0%)    1,729 (58.2%)     1,690 (56.6%)     1,720 (56.2%) 
>      0.43   |
  |----------------------------------------------------------------------------------------------------------------------------
> ------------|
  | rare_neuro_therap                    2,971 ( 9.9%)     2,101 (10.0%)     280 ( 9.4%)       302 (10.1%)       288 ( 9.4%)   
>      0.56   |
  |----------------------------------------------------------------------------------------------------------------------------
> ------------|
  | rare_neuro_comb                      18,372 (61.3%)    12,874 (61.4%)    1,847 (62.2%)     1,810 (60.6%)     1,841 (60.2%) 
>      0.33   |
  |----------------------------------------------------------------------------------------------------------------------------
> ------------|
  | diabetes                             2,994 (10.0%)     2,078 ( 9.9%)     294 ( 9.9%)       302 (10.1%)       320 (10.5%)   
>      0.81   |
  |----------------------------------------------------------------------------------------------------------------------------
> ------------|
  | chronic_cardiac_disease              2,988 (10.0%)     2,119 (10.1%)     282 ( 9.5%)       298 (10.0%)       289 ( 9.4%)   
>      0.54   |
  |----------------------------------------------------------------------------------------------------------------------------
> ------------|
  | hypertension                         2,969 ( 9.9%)     2,058 ( 9.8%)     282 ( 9.5%)       299 (10.0%)       330 (10.8%)   
>      0.33   |
  |----------------------------------------------------------------------------------------------------------------------------
> ------------|
  | chronic_respiratory_disease          3,008 (10.0%)     2,109 (10.1%)     275 ( 9.3%)       312 (10.4%)       312 (10.2%)   
>      0.45   |
  |----------------------------------------------------------------------------------------------------------------------------
> ------------|
  | vaccination_status                                                                                                         
>      0.69   |
  |    Un-vaccinated                     6,032 (20.1%)     4,241 (20.2%)     575 (19.4%)       612 (20.5%)       604 (19.7%)   
>             |
  |    One vaccination                   3,040 (10.1%)     2,103 (10.0%)     311 (10.5%)       307 (10.3%)       319 (10.4%)   
>             |
  |    Two vaccinations                  2,960 ( 9.9%)     2,099 (10.0%)     301 (10.1%)       264 ( 8.8%)       296 ( 9.7%)   
>             |
  |    Three vaccinations                14,974 (50.0%)    10,445 (49.8%)    1,475 (49.7%)     1,497 (50.1%)     1,557 (50.9%) 
>             |
  |    Four or more vaccinations         2,970 ( 9.9%)     2,071 ( 9.9%)     308 (10.4%)       307 (10.3%)       284 ( 9.3%)   
>             |
  |----------------------------------------------------------------------------------------------------------------------------
> ------------|
  | month_vacc_covid                     10.0 (0.0,19.0)   10.0 (1.0,19.0)   10.0 (0.0,19.0)   10.0 (0.0,19.0)   10.0 (1.0,19.0
> )    0.88   |
  |----------------------------------------------------------------------------------------------------------------------------
> ------------|
  | prior_covid                          8,961 (29.9%)     6,263 (29.9%)     876 (29.5%)       907 (30.4%)       915 (29.9%)   
>      0.91   |
  |----------------------------------------------------------------------------------------------------------------------------
> ------------|
  | prior_covid_index                    75 ( 0.3%)        52 ( 0.2%)        8 ( 0.3%)         11 ( 0.4%)        4 ( 0.1%)     
>      0.33   |
  |----------------------------------------------------------------------------------------------------------------------------
> ------------|
  | egfr_60                              3,774 (100.0%)    2,650 (100.0%)    360 (100.0%)      375 (100.0%)      389 (100.0%)  
>             |
  |----------------------------------------------------------------------------------------------------------------------------
> ------------|
  | egfr_30                              888 (100.0%)      609 (100.0%)      99 (100.0%)       80 (100.0%)       100 (100.0%)  
>             |
  |----------------------------------------------------------------------------------------------------------------------------
> ------------|
  | paxlovid_interaction                 1,001 ( 3.3%)     1,001 ( 4.8%)     0 ( 0.0%)         0 ( 0.0%)         0 ( 0.0%)     
>     <0.001  |
  |----------------------------------------------------------------------------------------------------------------------------
> ------------|
  | nirmatrelvir_interaction             1,005 ( 3.4%)     1,005 ( 4.8%)     0 ( 0.0%)         0 ( 0.0%)         0 ( 0.0%)     
>     <0.001  |
  |----------------------------------------------------------------------------------------------------------------------------
> ------------|
  | paxlovid_contraindicated             15,923 (53.1%)    11,273 (53.8%)    1,523 (51.3%)     1,550 (51.9%)     1,577 (51.5%) 
>      0.005  |
  +----------------------------------------------------------------------------------------------------------------------------
> ------------+
Data are presented as mean (SD) or median (IQR) for continuous measures, and n (%) for categorical measures.
 

. 
. *check treatment status*
. count if drug==1&sotrovimab==sotrovimab_not_start
  0

. count if drug==2&paxlovid==paxlovid_not_start
  0

. count if drug==3&molnupiravir==molnupiravir_not_start
  0

. 
. 
. log close
      name:  <unnamed>
       log:  C:\Users\k1635179\OneDrive - King's College London\Katie\OpenSafely\Safety mAB and antivirals\Safety-Sotrovimab-Pa
> xlovid-Molnupiravir/logs/baseline_characterisitcs.log
  log type:  text
 closed on:   6 Jun 2023, 20:51:16
-------------------------------------------------------------------------------------------------------------------------------
