-----------------------------------------------------------------------------------------
      name:  <unnamed>
       log:  C:\Users\k1635179\OneDrive - King's College London\Katie\OpenSafely\Safety m
> AB and antivirals\Safety-Sotrovimab-Paxlovid-Molnupiravir/logs/cleaning_dataset.log
  log type:  text
 opened on:   3 Jul 2023, 20:21:54

. 
. *Set Ado file path
. adopath + "$projectdir/analysis/ado"
  [1]  (BASE)      "C:\Program Files\Stata17\ado\base/"
  [2]  (SITE)      "C:\Program Files\Stata17\ado\site/"
  [3]              "."
  [4]  (PERSONAL)  "C:\users\PUBLIC\documents/"
  [5]  (PLUS)      "C:\users\PUBLIC\documents/"
  [6]  (OLDPLACE)  "c:\ado/"
  [7]              "C:\Users\k1635179\OneDrive - King's College London\Katie\OpenSafely\S
> afety mAB and antivirals\Safety-Sotrovimab-Paxlovid-Molnupiravir/analysis/ado"

. 
. *       Import control dataset
. import delimited "$projectdir/output/input.csv", clear
(encoding automatically selected: ISO-8859-1)
(212 vars, 50,000 obs)

. *       Convert control strings to dates     * 
. 
end of do-file

. br start_date

. br date_treated

. do "C:\Users\k1635179\OneDrive - King's College London\Katie\OpenSafely\Safety mAB and 
> antivirals\Safety-Sotrovimab-Paxlovid-Molnupiravir\analysis\000_define_covariates.do"

. ********************************************************************************
. *
. *       Do-file:                        define covariates.do
. *       Project:                        Sotrovimab-Paxlovid-Molnupiravir
. *   Date:                               15/2/23
. *       Programmed by:          Katie Bechman
. *       Description:            data management, reformat variables, categorise variabl
> es, label variables 
. *       Data used:                      data in memory (from output/input.csv) 
. *       Data created:           analysis main.dta  (main analysis dataset)
. *       Other output:           logfiles, printed to folder $Logdir
. *       User installed ado: (place .ado file(s) in analysis folder)
. 
. ***************************************************************************************
> *************************
. **Set filepaths
. //global projectdir "C:\Users\k1635179\OneDrive - King's College London\Katie\OpenSafel
> y\Safety mAB and antivirals\Safety-Sotrovimab-Paxlovid-Molnupiravir"
. global projectdir `c(pwd)'

. 
. di "$projectdir"
C:\Users\k1635179\OneDrive - King's College London\Katie\OpenSafely\Safety mAB and antivi
> rals\Safety-Sotrovimab-Paxlovid-Molnupiravir\analysis

. capture mkdir "$projectdir/output/data"

. capture mkdir "$projectdir/output/figures"

. capture mkdir "$projectdir/output/tables"

. global logdir "$projectdir/logs"

. di "$logdir"
C:\Users\k1635179\OneDrive - King's College London\Katie\OpenSafely\Safety mAB and antivi
> rals\Safety-Sotrovimab-Paxlovid-Molnupiravir\analysis/logs

. * Open a log file
. cap log close
