-------------------------------------------------------------------------------
      name:  <unnamed>
       log:  /workspace/logs/redacted_table.log
  log type:  text
 opened on:   4 Oct 2023, 11:56:17

. 
. *Set Ado file path
. adopath + "$projectdir/analysis/ado"
  [1]  (BASE)      "/usr/local/stata/ado/base/"
  [2]  (SITE)      "/usr/local/ado/"
  [3]              "."
  [4]  (PERSONAL)  "~/ado/personal/"
  [5]  (PLUS)      "~/ado/plus/"
  [6]  (OLDPLACE)  "~/ado/"
  [7]              "/workspace/analysis/ado"

. 
. **Baseline table redacted and rounded 
. clear *

. save "$projectdir/output/tables/baseline_table_redact_all.dta", replace empty
> ok
(note: dataset contains 0 observations)
file /workspace/output/tables/baseline_table_redact_all.dta saved

. use "$projectdir/output/data/main", clear

. set type double

. 
. ** labeling 
. foreach var of varlist downs_syndrome_comb solid_cancer_comb haem_disease_com
> b liver_disease_comb renal_disease_comb imid_on_drug_comb immunosupression_co
> mb hiv_aids_comb organ_transplant_comb rare_neuro_comb diabetes chronic_cardi
> ac_disease hypertension chronic_respiratory_disease prior_covid paxlovid_cont
> raindicated {
  2.         recode `var' . = 0
  3.         label define `var'  1 "yes" 0 "no", replace
  4.         label values `var'  `var' 
  5. }
(downs_syndrome_comb: 0 changes made)
(solid_cancer_comb: 0 changes made)
(haem_disease_comb: 0 changes made)
(liver_disease_comb: 0 changes made)
(renal_disease_comb: 0 changes made)
(imid_on_drug_comb: 0 changes made)
(immunosupression_comb: 0 changes made)
(hiv_aids_comb: 0 changes made)
(organ_transplant_comb: 0 changes made)
(rare_neuro_comb: 0 changes made)
(diabetes: 0 changes made)
(chronic_cardiac_disease: 0 changes made)
(hypertension: 0 changes made)
(chronic_respiratory_disease: 0 changes made)
(prior_covid: 0 changes made)
(paxlovid_contraindicated: 0 changes made)

. 
. foreach var of varlist organ_transplant_comb hiv_aids_comb immunosupression_c
> omb imid_on_drug_comb rare_neuro_comb renal_disease_comb liver_disease_comb h
> aem_disease_comb solid_cancer_comb downs_syndrome_comb hypertension diabetes 
> chronic_respiratory_disease chronic_cardiac_disease paxlovid_contraindicated 
>  prior_covid vaccination_status region_nhs imdq5 bmi_group  ethnicity sex age
> _group{ 
  2.         preserve
  3.         contract `var'  
  4.         gen variable = `"`var'"'
  5.         label variable `var' "`var'"    
  6.         decode `var', gen(categories)
  7.         gen count_mid_all  = (ceil(_freq/6)*6) - (floor(6/2) * (_freq!=0))
  8.         egen total_mid_all = total(count)
  9.         egen non_missing=sum(count) if categories!=""
 10.         drop if categories==""
 11.         gen percent_mid_all = round((count/non_missing)*100, 0.1)
 12.         gen missing_mid_all=(total-non_missing)
 13.         list variable `var' count percent total missing
 14.         keep variable categories count percent total missing
 15.         order variable categories count percent total missing
 16.         append using "$projectdir/output/tables/baseline_table_redact_all.
> dta"
 17.         save "$projectdir/output/tables/baseline_table_redact_all.dta", re
> place
 18.         restore
 19. }
(0 observations deleted)

     +-------------------------------------------------------------------+
  1. |              variable | organ_~b | count_~l | percen~l | total_~l |
     | organ_transplant_comb |       no |    14979 |     60.8 |    24654 |
     |-------------------------------------------------------------------|
     |                             missin~l                              |
     |                                    0                              |
     +-------------------------------------------------------------------+

     +-------------------------------------------------------------------+
  2. |              variable | organ_~b | count_~l | percen~l | total_~l |
     | organ_transplant_comb |      yes |     9675 |     39.2 |    24654 |
     |-------------------------------------------------------------------|
     |                             missin~l                              |
     |                                    0                              |
     +-------------------------------------------------------------------+
file /workspace/output/tables/baseline_table_redact_all.dta saved
(0 observations deleted)

     +----------------------------------------------------------------------+
     |      variable   hiv_ai~b   count_~l   percen~l   total_~l   missin~l |
     |----------------------------------------------------------------------|
  1. | hiv_aids_comb         no      18807       76.3      24654          0 |
  2. | hiv_aids_comb        yes       5847       23.7      24654          0 |
     +----------------------------------------------------------------------+
(note: variable variable was str13, now str21 to accommodate using data's
       values)
file /workspace/output/tables/baseline_table_redact_all.dta saved
(0 observations deleted)

     +-------------------------------------------------------------------+
  1. |              variable | immuno~b | count_~l | percen~l | total_~l |
     | immunosupression_comb |       no |    19941 |     80.9 |    24654 |
     |-------------------------------------------------------------------|
     |                             missin~l                              |
     |                                    0                              |
     +-------------------------------------------------------------------+

     +-------------------------------------------------------------------+
  2. |              variable | immuno~b | count_~l | percen~l | total_~l |
     | immunosupression_comb |      yes |     4713 |     19.1 |    24654 |
     |-------------------------------------------------------------------|
     |                             missin~l                              |
     |                                    0                              |
     +-------------------------------------------------------------------+
file /workspace/output/tables/baseline_table_redact_all.dta saved
(0 observations deleted)

     +---------------------------------------------------------------+
  1. |          variable | imid_o~b | count_~l | percen~l | total_~l |
     | imid_on_drug_comb |       no |    15117 |     61.3 |    24654 |
     |---------------------------------------------------------------|
     |                           missin~l                            |
     |                                  0                            |
     +---------------------------------------------------------------+

     +---------------------------------------------------------------+
  2. |          variable | imid_o~b | count_~l | percen~l | total_~l |
     | imid_on_drug_comb |      yes |     9537 |     38.7 |    24654 |
     |---------------------------------------------------------------|
     |                           missin~l                            |
     |                                  0                            |
     +---------------------------------------------------------------+
(note: variable variable was str17, now str21 to accommodate using data's
       values)
file /workspace/output/tables/baseline_table_redact_all.dta saved
(0 observations deleted)

     +------------------------------------------------------------------------+
     |        variable   rare_n~b   count_~l   percen~l   total_~l   missin~l |
     |------------------------------------------------------------------------|
  1. | rare_neuro_comb         no       9093       36.9      24654          0 |
  2. | rare_neuro_comb        yes      15561       63.1      24654          0 |
     +------------------------------------------------------------------------+
(note: variable variable was str15, now str21 to accommodate using data's
       values)
file /workspace/output/tables/baseline_table_redact_all.dta saved
(0 observations deleted)

     +----------------------------------------------------------------+
  1. |           variable | renal_~b | count_~l | percen~l | total_~l |
     | renal_disease_comb |       no |    14169 |     57.5 |    24654 |
     |----------------------------------------------------------------|
     |                            missin~l                            |
     |                                   0                            |
     +----------------------------------------------------------------+

     +----------------------------------------------------------------+
  2. |           variable | renal_~b | count_~l | percen~l | total_~l |
     | renal_disease_comb |      yes |    10485 |     42.5 |    24654 |
     |----------------------------------------------------------------|
     |                            missin~l                            |
     |                                   0                            |
     +----------------------------------------------------------------+
(note: variable variable was str18, now str21 to accommodate using data's
       values)
file /workspace/output/tables/baseline_table_redact_all.dta saved
(0 observations deleted)

     +----------------------------------------------------------------+
  1. |           variable | liver_~b | count_~l | percen~l | total_~l |
     | liver_disease_comb |       no |    18705 |     75.9 |    24654 |
     |----------------------------------------------------------------|
     |                            missin~l                            |
     |                                   0                            |
     +----------------------------------------------------------------+

     +----------------------------------------------------------------+
  2. |           variable | liver_~b | count_~l | percen~l | total_~l |
     | liver_disease_comb |      yes |     5949 |     24.1 |    24654 |
     |----------------------------------------------------------------|
     |                            missin~l                            |
     |                                   0                            |
     +----------------------------------------------------------------+
(note: variable variable was str18, now str21 to accommodate using data's
       values)
file /workspace/output/tables/baseline_table_redact_all.dta saved
(0 observations deleted)

     +---------------------------------------------------------------+
  1. |          variable | haem_d~b | count_~l | percen~l | total_~l |
     | haem_disease_comb |       no |     9393 |     38.1 |    24654 |
     |---------------------------------------------------------------|
     |                           missin~l                            |
     |                                  0                            |
     +---------------------------------------------------------------+

     +---------------------------------------------------------------+
  2. |          variable | haem_d~b | count_~l | percen~l | total_~l |
     | haem_disease_comb |      yes |    15261 |     61.9 |    24654 |
     |---------------------------------------------------------------|
     |                           missin~l                            |
     |                                  0                            |
     +---------------------------------------------------------------+
(note: variable variable was str17, now str21 to accommodate using data's
       values)
file /workspace/output/tables/baseline_table_redact_all.dta saved
(0 observations deleted)

     +---------------------------------------------------------------+
  1. |          variable | solid_~b | count_~l | percen~l | total_~l |
     | solid_cancer_comb |       no |    17739 |       72 |    24654 |
     |---------------------------------------------------------------|
     |                           missin~l                            |
     |                                  0                            |
     +---------------------------------------------------------------+

     +---------------------------------------------------------------+
  2. |          variable | solid_~b | count_~l | percen~l | total_~l |
     | solid_cancer_comb |      yes |     6915 |       28 |    24654 |
     |---------------------------------------------------------------|
     |                           missin~l                            |
     |                                  0                            |
     +---------------------------------------------------------------+
(note: variable variable was str17, now str21 to accommodate using data's
       values)
file /workspace/output/tables/baseline_table_redact_all.dta saved
(0 observations deleted)

     +-----------------------------------------------------------------+
  1. |            variable | downs_~b | count_~l | percen~l | total_~l |
     | downs_syndrome_comb |       no |    17805 |     72.2 |    24654 |
     |-----------------------------------------------------------------|
     |                            missin~l                             |
     |                                   0                             |
     +-----------------------------------------------------------------+

     +-----------------------------------------------------------------+
  2. |            variable | downs_~b | count_~l | percen~l | total_~l |
     | downs_syndrome_comb |      yes |     6849 |     27.8 |    24654 |
     |-----------------------------------------------------------------|
     |                            missin~l                             |
     |                                   0                             |
     +-----------------------------------------------------------------+
(note: variable variable was str19, now str21 to accommodate using data's
       values)
file /workspace/output/tables/baseline_table_redact_all.dta saved
(0 observations deleted)

     +---------------------------------------------------------------------+
     |     variable   hypert~n   count_~l   percen~l   total_~l   missin~l |
     |---------------------------------------------------------------------|
  1. | hypertension         no      22161       89.9      24654          0 |
  2. | hypertension        yes       2493       10.1      24654          0 |
     +---------------------------------------------------------------------+
(note: variable variable was str12, now str21 to accommodate using data's
       values)
file /workspace/output/tables/baseline_table_redact_all.dta saved
(0 observations deleted)

     +-----------------------------------------------------------------+
     | variable   diabetes   count_~l   percen~l   total_~l   missin~l |
     |-----------------------------------------------------------------|
  1. | diabetes         no      22275       90.4      24654          0 |
  2. | diabetes        yes       2379        9.6      24654          0 |
     +-----------------------------------------------------------------+
(note: variable variable was str8, now str21 to accommodate using data's
       values)
file /workspace/output/tables/baseline_table_redact_all.dta saved
(0 observations deleted)

     +--------------------------------------------------------------+
  1. |                    variable | chroni~e | count_~l | percen~l |
     | chronic_respiratory_disease |       no |    22185 |       90 |
     |--------------------------------------------------------------|
     |           total_~l           |           missin~l            |
     |              24654           |                  0            |
     +--------------------------------------------------------------+

     +--------------------------------------------------------------+
  2. |                    variable | chroni~e | count_~l | percen~l |
     | chronic_respiratory_disease |      yes |     2469 |       10 |
     |--------------------------------------------------------------|
     |           total_~l           |           missin~l            |
     |              24654           |                  0            |
     +--------------------------------------------------------------+
file /workspace/output/tables/baseline_table_redact_all.dta saved
(0 observations deleted)

     +---------------------------------------------------------------------+
  1. |                variable | chroni~e | count_~l | percen~l | total_~l |
     | chronic_cardiac_disease |       no |    22203 |     90.1 |    24654 |
     |---------------------------------------------------------------------|
     |                              missin~l                               |
     |                                     0                               |
     +---------------------------------------------------------------------+

     +---------------------------------------------------------------------+
  2. |                variable | chroni~e | count_~l | percen~l | total_~l |
     | chronic_cardiac_disease |      yes |     2451 |      9.9 |    24654 |
     |---------------------------------------------------------------------|
     |                              missin~l                               |
     |                                     0                               |
     +---------------------------------------------------------------------+
(note: variable variable was str23, now str27 to accommodate using data's
       values)
file /workspace/output/tables/baseline_table_redact_all.dta saved
(0 observations deleted)

     +----------------------------------------------------------------------+
  1. |                 variable | paxlov~d | count_~l | percen~l | total_~l |
     | paxlovid_contraindicated |       no |    11439 |     46.4 |    24654 |
     |----------------------------------------------------------------------|
     |                               missin~l                               |
     |                                      0                               |
     +----------------------------------------------------------------------+

     +----------------------------------------------------------------------+
  2. |                 variable | paxlov~d | count_~l | percen~l | total_~l |
     | paxlovid_contraindicated |      yes |    13215 |     53.6 |    24654 |
     |----------------------------------------------------------------------|
     |                               missin~l                               |
     |                                      0                               |
     +----------------------------------------------------------------------+
(note: variable variable was str24, now str27 to accommodate using data's
       values)
file /workspace/output/tables/baseline_table_redact_all.dta saved
(0 observations deleted)

     +--------------------------------------------------------------------+
     |    variable   prior_~d   count_~l   percen~l   total_~l   missin~l |
     |--------------------------------------------------------------------|
  1. | prior_covid         no      17277       70.1      24654          0 |
  2. | prior_covid        yes       7377       29.9      24654          0 |
     +--------------------------------------------------------------------+
(note: variable variable was str11, now str27 to accommodate using data's
       values)
file /workspace/output/tables/baseline_table_redact_all.dta saved
(0 observations deleted)

     +----------------------------------------------------------------------+
  1. |           variable |        vaccination_status | count_~l | percen~l |
     | vaccination_status |             Un-vaccinated |     4875 |     19.8 |
     |----------------------------------------------------------------------|
     |             total_~l             |             missin~l              |
     |                24651             |                    0              |
     +----------------------------------------------------------------------+

     +----------------------------------------------------------------------+
  2. |           variable |        vaccination_status | count_~l | percen~l |
     | vaccination_status |           One vaccination |     2469 |       10 |
     |----------------------------------------------------------------------|
     |             total_~l             |             missin~l              |
     |                24651             |                    0              |
     +----------------------------------------------------------------------+

     +----------------------------------------------------------------------+
  3. |           variable |        vaccination_status | count_~l | percen~l |
     | vaccination_status |          Two vaccinations |     2409 |      9.8 |
     |----------------------------------------------------------------------|
     |             total_~l             |             missin~l              |
     |                24651             |                    0              |
     +----------------------------------------------------------------------+

     +----------------------------------------------------------------------+
  4. |           variable |        vaccination_status | count_~l | percen~l |
     | vaccination_status |        Three vaccinations |    12513 |     50.8 |
     |----------------------------------------------------------------------|
     |             total_~l             |             missin~l              |
     |                24651             |                    0              |
     +----------------------------------------------------------------------+

     +----------------------------------------------------------------------+
  5. |           variable |        vaccination_status | count_~l | percen~l |
     | vaccination_status | Four or more vaccinations |     2385 |      9.7 |
     |----------------------------------------------------------------------|
     |             total_~l             |             missin~l              |
     |                24651             |                    0              |
     +----------------------------------------------------------------------+
(note: variable variable was str18, now str27 to accommodate using data's
       values)
file /workspace/output/tables/baseline_table_redact_all.dta saved
(0 observations deleted)

     +------------------------------------------------------------------------+
  1. |   variable |               region_nhs | count_~l | percen~l | total_~l |
     | region_nhs |                     East |     2451 |      9.9 |    24657 |
     |------------------------------------------------------------------------|
     |                                missin~l                                |
     |                                       0                                |
     +------------------------------------------------------------------------+

     +------------------------------------------------------------------------+
  2. |   variable |               region_nhs | count_~l | percen~l | total_~l |
     | region_nhs |            East Midlands |     2541 |     10.3 |    24657 |
     |------------------------------------------------------------------------|
     |                                missin~l                                |
     |                                       0                                |
     +------------------------------------------------------------------------+

     +------------------------------------------------------------------------+
  3. |   variable |               region_nhs | count_~l | percen~l | total_~l |
     | region_nhs |                   London |     4989 |     20.2 |    24657 |
     |------------------------------------------------------------------------|
     |                                missin~l                                |
     |                                       0                                |
     +------------------------------------------------------------------------+

     +------------------------------------------------------------------------+
  4. |   variable |               region_nhs | count_~l | percen~l | total_~l |
     | region_nhs |               North East |     2487 |     10.1 |    24657 |
     |------------------------------------------------------------------------|
     |                                missin~l                                |
     |                                       0                                |
     +------------------------------------------------------------------------+

     +------------------------------------------------------------------------+
  5. |   variable |               region_nhs | count_~l | percen~l | total_~l |
     | region_nhs |               North West |     2499 |     10.1 |    24657 |
     |------------------------------------------------------------------------|
     |                                missin~l                                |
     |                                       0                                |
     +------------------------------------------------------------------------+

     +------------------------------------------------------------------------+
  6. |   variable |               region_nhs | count_~l | percen~l | total_~l |
     | region_nhs |               South East |     2343 |      9.5 |    24657 |
     |------------------------------------------------------------------------|
     |                                missin~l                                |
     |                                       0                                |
     +------------------------------------------------------------------------+

     +------------------------------------------------------------------------+
  7. |   variable |               region_nhs | count_~l | percen~l | total_~l |
     | region_nhs |               South West |     2415 |      9.8 |    24657 |
     |------------------------------------------------------------------------|
     |                                missin~l                                |
     |                                       0                                |
     +------------------------------------------------------------------------+

     +------------------------------------------------------------------------+
  8. |   variable |               region_nhs | count_~l | percen~l | total_~l |
     | region_nhs |            West Midlands |     2439 |      9.9 |    24657 |
     |------------------------------------------------------------------------|
     |                                missin~l                                |
     |                                       0                                |
     +------------------------------------------------------------------------+

     +------------------------------------------------------------------------+
  9. |   variable |               region_nhs | count_~l | percen~l | total_~l |
     | region_nhs | Yorkshire and The Humber |     2493 |     10.1 |    24657 |
     |------------------------------------------------------------------------|
     |                                missin~l                                |
     |                                       0                                |
     +------------------------------------------------------------------------+
(note: variable variable was str10, now str27 to accommodate using data's
       values)
(note: variable categories was str24, now str25 to accommodate using data's
       values)
file /workspace/output/tables/baseline_table_redact_all.dta saved
(1 missing value generated)
(1 observation deleted)

     +--------------------------------------------------------------+
  1. | variable |            imdq5 | count_~l | percen~l | total_~l |
     |    imdq5 | 1 least deprived |     4821 |     19.7 |    24654 |
     |--------------------------------------------------------------|
     |                           missin~l                           |
     |                                243                           |
     +--------------------------------------------------------------+

     +--------------------------------------------------------------+
  2. | variable |            imdq5 | count_~l | percen~l | total_~l |
     |    imdq5 |                2 |     4827 |     19.8 |    24654 |
     |--------------------------------------------------------------|
     |                           missin~l                           |
     |                                243                           |
     +--------------------------------------------------------------+

     +--------------------------------------------------------------+
  3. | variable |            imdq5 | count_~l | percen~l | total_~l |
     |    imdq5 |                3 |     4935 |     20.2 |    24654 |
     |--------------------------------------------------------------|
     |                           missin~l                           |
     |                                243                           |
     +--------------------------------------------------------------+

     +--------------------------------------------------------------+
  4. | variable |            imdq5 | count_~l | percen~l | total_~l |
     |    imdq5 |                4 |     4905 |     20.1 |    24654 |
     |--------------------------------------------------------------|
     |                           missin~l                           |
     |                                243                           |
     +--------------------------------------------------------------+

     +--------------------------------------------------------------+
  5. | variable |            imdq5 | count_~l | percen~l | total_~l |
     |    imdq5 |  5 most deprived |     4923 |     20.2 |    24654 |
     |--------------------------------------------------------------|
     |                           missin~l                           |
     |                                243                           |
     +--------------------------------------------------------------+
(note: variable variable was str5, now str27 to accommodate using data's
       values)
(note: variable categories was str16, now str25 to accommodate using data's
       values)
file /workspace/output/tables/baseline_table_redact_all.dta saved
(1 missing value generated)
(1 observation deleted)

     +---------------------------------------------------------------------+
     |  variable     bmi_group   count_~l   percen~l   total_~l   missin~l |
     |---------------------------------------------------------------------|
  1. | bmi_group   underweight       2415       10.4      24651       1473 |
  2. | bmi_group        normal       5619       24.2      24651       1473 |
  3. | bmi_group    overweight       5775       24.9      24651       1473 |
  4. | bmi_group         obese       9369       40.4      24651       1473 |
     +---------------------------------------------------------------------+
(note: variable variable was str9, now str27 to accommodate using data's
       values)
(note: variable categories was str11, now str25 to accommodate using data's
       values)
file /workspace/output/tables/baseline_table_redact_all.dta saved
(1 missing value generated)
(1 observation deleted)

     +---------------------------------------------------------------------+
     |  variable     ethnicity   count_~l   percen~l   total_~l   missin~l |
     |---------------------------------------------------------------------|
  1. | ethnicity         Black       1011       11.3      24657      15741 |
  2. | ethnicity         Other       1011       11.3      24657      15741 |
  3. | ethnicity   South Asian        981         11      24657      15741 |
  4. | ethnicity         White       5913       66.3      24657      15741 |
     +---------------------------------------------------------------------+
(note: variable variable was str9, now str27 to accommodate using data's
       values)
(note: variable categories was str11, now str25 to accommodate using data's
       values)
file /workspace/output/tables/baseline_table_redact_all.dta saved
(0 observations deleted)

     +---------------------------------------------------------------+
     | variable      sex   count_~l   percen~l   total_~l   missin~l |
     |---------------------------------------------------------------|
  1. |      sex     Male      12093       49.1      24654          0 |
  2. |      sex   Female      12561       50.9      24654          0 |
     +---------------------------------------------------------------+
(note: variable variable was str3, now str27 to accommodate using data's
       values)
(note: variable categories was str6, now str25 to accommodate using data's
       values)
file /workspace/output/tables/baseline_table_redact_all.dta saved
(0 observations deleted)

     +------------------------------------------------------------------+
     |  variable   age_gr~p   count_~l   percen~l   total_~l   missin~l |
     |------------------------------------------------------------------|
  1. | age_group      18-39       9003       36.5      24651          0 |
  2. | age_group      40-59       8157       33.1      24651          0 |
  3. | age_group       >=60       7491       30.4      24651          0 |
     +------------------------------------------------------------------+
(note: variable variable was str9, now str27 to accommodate using data's
       values)
(note: variable categories was str5, now str25 to accommodate using data's
       values)
file /workspace/output/tables/baseline_table_redact_all.dta saved

. 
. use "$projectdir/output/tables/baseline_table_redact_all.dta", clear

. export excel "$projectdir/output/tables/baseline_table_redact_bydrug.xls", re
> place sheet("overall") keepcellfmt firstrow(variables)
file /workspace/output/tables/baseline_table_redact_bydrug.xls saved

. 
. **Catergorical table by drug subdiagnoses - tagged to above excel
. use "$projectdir/output/data/main", clear

. decode drug, gen(drug_str)

. local index=0

. levelsof drug_str, local(levels)
`"control"' `"molnupiravir"' `"paxlovid"' `"sotrovimab"'

. foreach i of local levels {
  2.         clear *
  3.         save "$projectdir/output/tables/baseline_table_redact_`i'.dta", re
> place emptyok
  4.         di `index'
  5.         if `index'==0 {
  6.                 local col = word("`c(ALPHA)'", `index'+7)
  7.         }
  8.         else if `index'>0 & `index'<=22 {
  9.             local col = word("`c(ALPHA)'", `index'+5)
 10.         }
 11.         di "`col'"
 12.         if `index'==0 {
 13.                 local `index++'
 14.                 local `index++'
 15.                 local `index++'
 16.                 local `index++'
 17.                 local `index++'
 18.                 local `index++'
 19.         }
 20.         else {
 21.             local `index++'
 22.                 local `index++'
 23.                 local `index++'
 24.                 local `index++'
 25.         }
 26.         di `index'
 27. 
. use "$projectdir/output/data/main", clear
 28. decode drug, gen(drug_str)
 29. foreach var of varlist downs_syndrome_comb solid_cancer_comb haem_disease_
> comb liver_disease_comb renal_disease_comb imid_on_drug_comb immunosupression
> _comb hiv_aids_comb organ_transplant_comb rare_neuro_comb diabetes chronic_ca
> rdiac_disease hypertension chronic_respiratory_disease prior_covid paxlovid_c
> ontraindicated {
 30.         recode `var' . = 0
 31.         label define `var'  1 "yes" 0 "no", replace
 32.         label values `var'  `var' 
 33. }
 34. foreach var of varlist organ_transplant_comb hiv_aids_comb immunosupressio
> n_comb imid_on_drug_comb rare_neuro_comb renal_disease_comb liver_disease_com
> b haem_disease_comb solid_cancer_comb downs_syndrome_comb hypertension diabet
> es chronic_respiratory_disease chronic_cardiac_disease paxlovid_contraindicat
> ed  prior_covid vaccination_status region_nhs imdq5 bmi_group ethnicity sex a
> ge_group{ 
 35.         preserve
 36.         keep if drug_str=="`i'"
 37.         contract `var'  
 38.         gen variable = `"`var'"'
 39.         label variable `var' "`var'"    
 40.         decode `var', gen(categories)
 41.         gen count_mid_`i'  = (ceil(_freq/6)*6) - (floor(6/2) * (_freq!=0))
 42.         egen total_mid_`i' = total(count)
 43.         egen non_missing=sum(count) if categories!=""
 44.         drop if categories==""
 45.         gen percent_mid_`i' = round((count/non_missing)*100, 0.1)
 46.         gen missing_mid_`i'=(total-non_missing)
 47.         list `var' count percent total missing
 48.         keep count percent total missing
 49.         order(count), first
 50.         append using "$projectdir/output/tables/baseline_table_redact_`i'.
> dta"
 51.         save "$projectdir/output/tables/baseline_table_redact_`i'.dta", re
> place
 52.         restore
 53. }
 54. display `index'
 55. display "`col'"
 56. use "$projectdir/output/tables/baseline_table_redact_`i'.dta", clear
 57. export excel "$projectdir/output/tables/baseline_table_redact_bydrug.xls",
>  sheet("Overall", modify) cell("`col'1") keepcellfmt firstrow(variables)
 58. }
(note: dataset contains 0 observations)
file /workspace/output/tables/baseline_table_redact_control.dta saved
0
G
6
(downs_syndrome_comb: 0 changes made)
(solid_cancer_comb: 0 changes made)
(haem_disease_comb: 0 changes made)
(liver_disease_comb: 0 changes made)
(renal_disease_comb: 0 changes made)
(imid_on_drug_comb: 0 changes made)
(immunosupression_comb: 0 changes made)
(hiv_aids_comb: 0 changes made)
(organ_transplant_comb: 0 changes made)
(rare_neuro_comb: 0 changes made)
(diabetes: 0 changes made)
(chronic_cardiac_disease: 0 changes made)
(hypertension: 0 changes made)
(chronic_respiratory_disease: 0 changes made)
(prior_covid: 0 changes made)
(paxlovid_contraindicated: 0 changes made)
(861 observations deleted)
(0 observations deleted)

     +------------------------------------------------------+
     | organ_~b   count_~l   percen~l   total_~l   missin~l |
     |------------------------------------------------------|
  1. |       no      14433       60.7      23796          0 |
  2. |      yes       9363       39.3      23796          0 |
     +------------------------------------------------------+
file /workspace/output/tables/baseline_table_redact_control.dta saved
(861 observations deleted)
(0 observations deleted)

     +------------------------------------------------------+
     | hiv_ai~b   count_~l   percen~l   total_~l   missin~l |
     |------------------------------------------------------|
  1. |       no      18141       76.2      23796          0 |
  2. |      yes       5655       23.8      23796          0 |
     +------------------------------------------------------+
file /workspace/output/tables/baseline_table_redact_control.dta saved
(861 observations deleted)
(0 observations deleted)

     +------------------------------------------------------+
     | immuno~b   count_~l   percen~l   total_~l   missin~l |
     |------------------------------------------------------|
  1. |       no      19233       80.8      23796          0 |
  2. |      yes       4563       19.2      23796          0 |
     +------------------------------------------------------+
file /workspace/output/tables/baseline_table_redact_control.dta saved
(861 observations deleted)
(0 observations deleted)

     +------------------------------------------------------+
     | imid_o~b   count_~l   percen~l   total_~l   missin~l |
     |------------------------------------------------------|
  1. |       no      14613       61.4      23790          0 |
  2. |      yes       9177       38.6      23790          0 |
     +------------------------------------------------------+
file /workspace/output/tables/baseline_table_redact_control.dta saved
(861 observations deleted)
(0 observations deleted)

     +------------------------------------------------------+
     | rare_n~b   count_~l   percen~l   total_~l   missin~l |
     |------------------------------------------------------|
  1. |       no       8781       36.9      23790          0 |
  2. |      yes      15009       63.1      23790          0 |
     +------------------------------------------------------+
file /workspace/output/tables/baseline_table_redact_control.dta saved
(861 observations deleted)
(0 observations deleted)

     +------------------------------------------------------+
     | renal_~b   count_~l   percen~l   total_~l   missin~l |
     |------------------------------------------------------|
  1. |       no      13653       57.4      23790          0 |
  2. |      yes      10137       42.6      23790          0 |
     +------------------------------------------------------+
file /workspace/output/tables/baseline_table_redact_control.dta saved
(861 observations deleted)
(0 observations deleted)

     +------------------------------------------------------+
     | liver_~b   count_~l   percen~l   total_~l   missin~l |
     |------------------------------------------------------|
  1. |       no      18063       75.9      23790          0 |
  2. |      yes       5727       24.1      23790          0 |
     +------------------------------------------------------+
file /workspace/output/tables/baseline_table_redact_control.dta saved
(861 observations deleted)
(0 observations deleted)

     +------------------------------------------------------+
     | haem_d~b   count_~l   percen~l   total_~l   missin~l |
     |------------------------------------------------------|
  1. |       no       9051         38      23790          0 |
  2. |      yes      14739         62      23790          0 |
     +------------------------------------------------------+
file /workspace/output/tables/baseline_table_redact_control.dta saved
(861 observations deleted)
(0 observations deleted)

     +------------------------------------------------------+
     | solid_~b   count_~l   percen~l   total_~l   missin~l |
     |------------------------------------------------------|
  1. |       no      17163       72.1      23796          0 |
  2. |      yes       6633       27.9      23796          0 |
     +------------------------------------------------------+
file /workspace/output/tables/baseline_table_redact_control.dta saved
(861 observations deleted)
(0 observations deleted)

     +------------------------------------------------------+
     | downs_~b   count_~l   percen~l   total_~l   missin~l |
     |------------------------------------------------------|
  1. |       no      17199       72.3      23796          0 |
  2. |      yes       6597       27.7      23796          0 |
     +------------------------------------------------------+
file /workspace/output/tables/baseline_table_redact_control.dta saved
(861 observations deleted)
(0 observations deleted)

     +------------------------------------------------------+
     | hypert~n   count_~l   percen~l   total_~l   missin~l |
     |------------------------------------------------------|
  1. |       no      21405         90      23796          0 |
  2. |      yes       2391         10      23796          0 |
     +------------------------------------------------------+
file /workspace/output/tables/baseline_table_redact_control.dta saved
(861 observations deleted)
(0 observations deleted)

     +------------------------------------------------------+
     | diabetes   count_~l   percen~l   total_~l   missin~l |
     |------------------------------------------------------|
  1. |       no      21495       90.3      23796          0 |
  2. |      yes       2301        9.7      23796          0 |
     +------------------------------------------------------+
file /workspace/output/tables/baseline_table_redact_control.dta saved
(861 observations deleted)
(0 observations deleted)

     +------------------------------------------------------+
     | chroni~e   count_~l   percen~l   total_~l   missin~l |
     |------------------------------------------------------|
  1. |       no      21411         90      23796          0 |
  2. |      yes       2385         10      23796          0 |
     +------------------------------------------------------+
file /workspace/output/tables/baseline_table_redact_control.dta saved
(861 observations deleted)
(0 observations deleted)

     +------------------------------------------------------+
     | chroni~e   count_~l   percen~l   total_~l   missin~l |
     |------------------------------------------------------|
  1. |       no      21441       90.1      23796          0 |
  2. |      yes       2355        9.9      23796          0 |
     +------------------------------------------------------+
file /workspace/output/tables/baseline_table_redact_control.dta saved
(861 observations deleted)
(0 observations deleted)

     +------------------------------------------------------+
     | paxlov~d   count_~l   percen~l   total_~l   missin~l |
     |------------------------------------------------------|
  1. |       no      11013       46.3      23790          0 |
  2. |      yes      12777       53.7      23790          0 |
     +------------------------------------------------------+
file /workspace/output/tables/baseline_table_redact_control.dta saved
(861 observations deleted)
(0 observations deleted)

     +------------------------------------------------------+
     | prior_~d   count_~l   percen~l   total_~l   missin~l |
     |------------------------------------------------------|
  1. |       no      16671       70.1      23796          0 |
  2. |      yes       7125       29.9      23796          0 |
     +------------------------------------------------------+
file /workspace/output/tables/baseline_table_redact_control.dta saved
(861 observations deleted)
(0 observations deleted)

     +-----------------------------------------------------------------------+
     |        vaccination_status   count_~l   percen~l   total_~l   missin~l |
     |-----------------------------------------------------------------------|
  1. |             Un-vaccinated       4701       19.8      23793          0 |
  2. |           One vaccination       2397       10.1      23793          0 |
  3. |          Two vaccinations       2319        9.7      23793          0 |
  4. |        Three vaccinations      12069       50.7      23793          0 |
  5. | Four or more vaccinations       2307        9.7      23793          0 |
     +-----------------------------------------------------------------------+
file /workspace/output/tables/baseline_table_redact_control.dta saved
(861 observations deleted)
(0 observations deleted)

     +----------------------------------------------------------------------+
     |               region_nhs   count_~l   percen~l   total_~l   missin~l |
     |----------------------------------------------------------------------|
  1. |                     East       2367        9.9      23793          0 |
  2. |            East Midlands       2457       10.3      23793          0 |
  3. |                   London       4815       20.2      23793          0 |
  4. |               North East       2403       10.1      23793          0 |
  5. |               North West       2403       10.1      23793          0 |
     |----------------------------------------------------------------------|
  6. |               South East       2265        9.5      23793          0 |
  7. |               South West       2325        9.8      23793          0 |
  8. |            West Midlands       2361        9.9      23793          0 |
  9. | Yorkshire and The Humber       2397       10.1      23793          0 |
     +----------------------------------------------------------------------+
file /workspace/output/tables/baseline_table_redact_control.dta saved
(861 observations deleted)
(1 missing value generated)
(1 observation deleted)

     +--------------------------------------------------------------+
     |            imdq5   count_~l   percen~l   total_~l   missin~l |
     |--------------------------------------------------------------|
  1. | 1 least deprived       4653       19.7      23790        225 |
  2. |                2       4677       19.8      23790        225 |
  3. |                3       4767       20.2      23790        225 |
  4. |                4       4725       20.1      23790        225 |
  5. |  5 most deprived       4743       20.1      23790        225 |
     +--------------------------------------------------------------+
file /workspace/output/tables/baseline_table_redact_control.dta saved
(861 observations deleted)
(1 missing value generated)
(1 observation deleted)

     +---------------------------------------------------------+
     |   bmi_group   count_~l   percen~l   total_~l   missin~l |
     |---------------------------------------------------------|
  1. | underweight       2337       10.4      23787       1419 |
  2. |      normal       5403       24.2      23787       1419 |
  3. |  overweight       5595         25      23787       1419 |
  4. |       obese       9033       40.4      23787       1419 |
     +---------------------------------------------------------+
file /workspace/output/tables/baseline_table_redact_control.dta saved
(861 observations deleted)
(1 missing value generated)
(1 observation deleted)

     +---------------------------------------------------------+
     |   ethnicity   count_~l   percen~l   total_~l   missin~l |
     |---------------------------------------------------------|
  1. |       Black        969       11.3      23793      15225 |
  2. |       Other        963       11.2      23793      15225 |
  3. | South Asian        945         11      23793      15225 |
  4. |       White       5691       66.4      23793      15225 |
     +---------------------------------------------------------+
file /workspace/output/tables/baseline_table_redact_control.dta saved
(861 observations deleted)
(0 observations deleted)

     +----------------------------------------------------+
     |    sex   count_~l   percen~l   total_~l   missin~l |
     |----------------------------------------------------|
  1. |   Male      11667         49      23796          0 |
  2. | Female      12129         51      23796          0 |
     +----------------------------------------------------+
file /workspace/output/tables/baseline_table_redact_control.dta saved
(861 observations deleted)
(0 observations deleted)

     +------------------------------------------------------+
     | age_gr~p   count_~l   percen~l   total_~l   missin~l |
     |------------------------------------------------------|
  1. |    18-39       8709       36.6      23787          0 |
  2. |    40-59       7887       33.2      23787          0 |
  3. |     >=60       7191       30.2      23787          0 |
     +------------------------------------------------------+
file /workspace/output/tables/baseline_table_redact_control.dta saved
6
G
file /workspace/output/tables/baseline_table_redact_bydrug.xls saved
(note: dataset contains 0 observations)
file /workspace/output/tables/baseline_table_redact_molnupiravir.dta saved
6
K
10
(downs_syndrome_comb: 0 changes made)
(solid_cancer_comb: 0 changes made)
(haem_disease_comb: 0 changes made)
(liver_disease_comb: 0 changes made)
(renal_disease_comb: 0 changes made)
(imid_on_drug_comb: 0 changes made)
(immunosupression_comb: 0 changes made)
(hiv_aids_comb: 0 changes made)
(organ_transplant_comb: 0 changes made)
(rare_neuro_comb: 0 changes made)
(diabetes: 0 changes made)
(chronic_cardiac_disease: 0 changes made)
(hypertension: 0 changes made)
(chronic_respiratory_disease: 0 changes made)
(prior_covid: 0 changes made)
(paxlovid_contraindicated: 0 changes made)
(24,376 observations deleted)
(0 observations deleted)

     +------------------------------------------------------+
     | organ_~b   count_~r   percen~r   total_~r   missin~r |
     |------------------------------------------------------|
  1. |       no        177       62.8        282          0 |
  2. |      yes        105       37.2        282          0 |
     +------------------------------------------------------+
file /workspace/output/tables/baseline_table_redact_molnupiravir.dta saved
(24,376 observations deleted)
(0 observations deleted)

     +------------------------------------------------------+
     | hiv_ai~b   count_~r   percen~r   total_~r   missin~r |
     |------------------------------------------------------|
  1. |       no        213       77.2        276          0 |
  2. |      yes         63       22.8        276          0 |
     +------------------------------------------------------+
file /workspace/output/tables/baseline_table_redact_molnupiravir.dta saved
(24,376 observations deleted)
(0 observations deleted)

     +------------------------------------------------------+
     | immuno~b   count_~r   percen~r   total_~r   missin~r |
     |------------------------------------------------------|
  1. |       no        213       77.2        276          0 |
  2. |      yes         63       22.8        276          0 |
     +------------------------------------------------------+
file /workspace/output/tables/baseline_table_redact_molnupiravir.dta saved
(24,376 observations deleted)
(0 observations deleted)

     +------------------------------------------------------+
     | imid_o~b   count_~r   percen~r   total_~r   missin~r |
     |------------------------------------------------------|
  1. |       no        171         62        276          0 |
  2. |      yes        105         38        276          0 |
     +------------------------------------------------------+
file /workspace/output/tables/baseline_table_redact_molnupiravir.dta saved
(24,376 observations deleted)
(0 observations deleted)

     +------------------------------------------------------+
     | rare_n~b   count_~r   percen~r   total_~r   missin~r |
     |------------------------------------------------------|
  1. |       no         99       35.1        282          0 |
  2. |      yes        183       64.9        282          0 |
     +------------------------------------------------------+
file /workspace/output/tables/baseline_table_redact_molnupiravir.dta saved
(24,376 observations deleted)
(0 observations deleted)

     +------------------------------------------------------+
     | renal_~b   count_~r   percen~r   total_~r   missin~r |
     |------------------------------------------------------|
  1. |       no        159       57.6        276          0 |
  2. |      yes        117       42.4        276          0 |
     +------------------------------------------------------+
file /workspace/output/tables/baseline_table_redact_molnupiravir.dta saved
(24,376 observations deleted)
(0 observations deleted)

     +------------------------------------------------------+
     | liver_~b   count_~r   percen~r   total_~r   missin~r |
     |------------------------------------------------------|
  1. |       no        213       77.2        276          0 |
  2. |      yes         63       22.8        276          0 |
     +------------------------------------------------------+
file /workspace/output/tables/baseline_table_redact_molnupiravir.dta saved
(24,376 observations deleted)
(0 observations deleted)

     +------------------------------------------------------+
     | haem_d~b   count_~r   percen~r   total_~r   missin~r |
     |------------------------------------------------------|
  1. |       no        105         38        276          0 |
  2. |      yes        171         62        276          0 |
     +------------------------------------------------------+
file /workspace/output/tables/baseline_table_redact_molnupiravir.dta saved
(24,376 observations deleted)
(0 observations deleted)

     +------------------------------------------------------+
     | solid_~b   count_~r   percen~r   total_~r   missin~r |
     |------------------------------------------------------|
  1. |       no        189       68.5        276          0 |
  2. |      yes         87       31.5        276          0 |
     +------------------------------------------------------+
file /workspace/output/tables/baseline_table_redact_molnupiravir.dta saved
(24,376 observations deleted)
(0 observations deleted)

     +------------------------------------------------------+
     | downs_~b   count_~r   percen~r   total_~r   missin~r |
     |------------------------------------------------------|
  1. |       no        201       72.8        276          0 |
  2. |      yes         75       27.2        276          0 |
     +------------------------------------------------------+
file /workspace/output/tables/baseline_table_redact_molnupiravir.dta saved
(24,376 observations deleted)
(0 observations deleted)

     +------------------------------------------------------+
     | hypert~n   count_~r   percen~r   total_~r   missin~r |
     |------------------------------------------------------|
  1. |       no        249       90.2        276          0 |
  2. |      yes         27        9.8        276          0 |
     +------------------------------------------------------+
file /workspace/output/tables/baseline_table_redact_molnupiravir.dta saved
(24,376 observations deleted)
(0 observations deleted)

     +------------------------------------------------------+
     | diabetes   count_~r   percen~r   total_~r   missin~r |
     |------------------------------------------------------|
  1. |       no        249       90.2        276          0 |
  2. |      yes         27        9.8        276          0 |
     +------------------------------------------------------+
file /workspace/output/tables/baseline_table_redact_molnupiravir.dta saved
(24,376 observations deleted)
(0 observations deleted)

     +------------------------------------------------------+
     | chroni~e   count_~r   percen~r   total_~r   missin~r |
     |------------------------------------------------------|
  1. |       no        243         88        276          0 |
  2. |      yes         33         12        276          0 |
     +------------------------------------------------------+
file /workspace/output/tables/baseline_table_redact_molnupiravir.dta saved
(24,376 observations deleted)
(0 observations deleted)

     +------------------------------------------------------+
     | chroni~e   count_~r   percen~r   total_~r   missin~r |
     |------------------------------------------------------|
  1. |       no        243         88        276          0 |
  2. |      yes         33         12        276          0 |
     +------------------------------------------------------+
file /workspace/output/tables/baseline_table_redact_molnupiravir.dta saved
(24,376 observations deleted)
(0 observations deleted)

     +------------------------------------------------------+
     | paxlov~d   count_~r   percen~r   total_~r   missin~r |
     |------------------------------------------------------|
  1. |       no        135       47.9        282          0 |
  2. |      yes        147       52.1        282          0 |
     +------------------------------------------------------+
file /workspace/output/tables/baseline_table_redact_molnupiravir.dta saved
(24,376 observations deleted)
(0 observations deleted)

     +------------------------------------------------------+
     | prior_~d   count_~r   percen~r   total_~r   missin~r |
     |------------------------------------------------------|
  1. |       no        207       73.4        282          0 |
  2. |      yes         75       26.6        282          0 |
     +------------------------------------------------------+
file /workspace/output/tables/baseline_table_redact_molnupiravir.dta saved
(24,376 observations deleted)
(0 observations deleted)

     +-----------------------------------------------------------------------+
     |        vaccination_status   count_~r   percen~r   total_~r   missin~r |
     |-----------------------------------------------------------------------|
  1. |             Un-vaccinated         51       18.7        273          0 |
  2. |           One vaccination         27        9.9        273          0 |
  3. |          Two vaccinations         33       12.1        273          0 |
  4. |        Three vaccinations        141       51.6        273          0 |
  5. | Four or more vaccinations         21        7.7        273          0 |
     +-----------------------------------------------------------------------+
file /workspace/output/tables/baseline_table_redact_molnupiravir.dta saved
(24,376 observations deleted)
(0 observations deleted)

     +----------------------------------------------------------------------+
     |               region_nhs   count_~r   percen~r   total_~r   missin~r |
     |----------------------------------------------------------------------|
  1. |                     East         21        7.5        279          0 |
  2. |            East Midlands         27        9.7        279          0 |
  3. |                   London         57       20.4        279          0 |
  4. |               North East         27        9.7        279          0 |
  5. |               North West         27        9.7        279          0 |
     |----------------------------------------------------------------------|
  6. |               South East         27        9.7        279          0 |
  7. |               South West         33       11.8        279          0 |
  8. |            West Midlands         21        7.5        279          0 |
  9. | Yorkshire and The Humber         39         14        279          0 |
     +----------------------------------------------------------------------+
file /workspace/output/tables/baseline_table_redact_molnupiravir.dta saved
(24,376 observations deleted)
(1 missing value generated)
(1 observation deleted)

     +--------------------------------------------------------------+
     |            imdq5   count_~r   percen~r   total_~r   missin~r |
     |--------------------------------------------------------------|
  1. | 1 least deprived         51       18.7        276          3 |
  2. |                2         51       18.7        276          3 |
  3. |                3         57       20.9        276          3 |
  4. |                4         63       23.1        276          3 |
  5. |  5 most deprived         51       18.7        276          3 |
     +--------------------------------------------------------------+
file /workspace/output/tables/baseline_table_redact_molnupiravir.dta saved
(24,376 observations deleted)
(1 missing value generated)
(1 observation deleted)

     +---------------------------------------------------------+
     |   bmi_group   count_~r   percen~r   total_~r   missin~r |
     |---------------------------------------------------------|
  1. | underweight         27       10.7        267         15 |
  2. |      normal         75       29.8        267         15 |
  3. |  overweight         57       22.6        267         15 |
  4. |       obese         93       36.9        267         15 |
     +---------------------------------------------------------+
file /workspace/output/tables/baseline_table_redact_molnupiravir.dta saved
(24,376 observations deleted)
(1 missing value generated)
(1 observation deleted)

     +---------------------------------------------------------+
     |   ethnicity   count_~r   percen~r   total_~r   missin~r |
     |---------------------------------------------------------|
  1. |       Black         15       11.9        279        153 |
  2. |       Other         15       11.9        279        153 |
  3. | South Asian         15       11.9        279        153 |
  4. |       White         81       64.3        279        153 |
     +---------------------------------------------------------+
file /workspace/output/tables/baseline_table_redact_molnupiravir.dta saved
(24,376 observations deleted)
(0 observations deleted)

     +----------------------------------------------------+
     |    sex   count_~r   percen~r   total_~r   missin~r |
     |----------------------------------------------------|
  1. |   Male        135       47.9        282          0 |
  2. | Female        147       52.1        282          0 |
     +----------------------------------------------------+
file /workspace/output/tables/baseline_table_redact_molnupiravir.dta saved
(24,376 observations deleted)
(0 observations deleted)

     +------------------------------------------------------+
     | age_gr~p   count_~r   percen~r   total_~r   missin~r |
     |------------------------------------------------------|
  1. |    18-39         93       33.3        279          0 |
  2. |    40-59         75       26.9        279          0 |
  3. |     >=60        111       39.8        279          0 |
     +------------------------------------------------------+
file /workspace/output/tables/baseline_table_redact_molnupiravir.dta saved
10
K
file /workspace/output/tables/baseline_table_redact_bydrug.xls saved
(note: dataset contains 0 observations)
file /workspace/output/tables/baseline_table_redact_paxlovid.dta saved
10
O
14
(downs_syndrome_comb: 0 changes made)
(solid_cancer_comb: 0 changes made)
(haem_disease_comb: 0 changes made)
(liver_disease_comb: 0 changes made)
(renal_disease_comb: 0 changes made)
(imid_on_drug_comb: 0 changes made)
(immunosupression_comb: 0 changes made)
(hiv_aids_comb: 0 changes made)
(organ_transplant_comb: 0 changes made)
(rare_neuro_comb: 0 changes made)
(diabetes: 0 changes made)
(chronic_cardiac_disease: 0 changes made)
(hypertension: 0 changes made)
(chronic_respiratory_disease: 0 changes made)
(prior_covid: 0 changes made)
(paxlovid_contraindicated: 0 changes made)
(24,349 observations deleted)
(0 observations deleted)

     +------------------------------------------------------+
     | organ_~b   count_~d   percen~d   total_~d   missin~d |
     |------------------------------------------------------|
  1. |       no        201       65.7        306          0 |
  2. |      yes        105       34.3        306          0 |
     +------------------------------------------------------+
file /workspace/output/tables/baseline_table_redact_paxlovid.dta saved
(24,349 observations deleted)
(0 observations deleted)

     +------------------------------------------------------+
     | hiv_ai~b   count_~d   percen~d   total_~d   missin~d |
     |------------------------------------------------------|
  1. |       no        231         77        300          0 |
  2. |      yes         69         23        300          0 |
     +------------------------------------------------------+
file /workspace/output/tables/baseline_table_redact_paxlovid.dta saved
(24,349 observations deleted)
(0 observations deleted)

     +------------------------------------------------------+
     | immuno~b   count_~d   percen~d   total_~d   missin~d |
     |------------------------------------------------------|
  1. |       no        261       85.3        306          0 |
  2. |      yes         45       14.7        306          0 |
     +------------------------------------------------------+
file /workspace/output/tables/baseline_table_redact_paxlovid.dta saved
(24,349 observations deleted)
(0 observations deleted)

     +------------------------------------------------------+
     | imid_o~b   count_~d   percen~d   total_~d   missin~d |
     |------------------------------------------------------|
  1. |       no        171       55.9        306          0 |
  2. |      yes        135       44.1        306          0 |
     +------------------------------------------------------+
file /workspace/output/tables/baseline_table_redact_paxlovid.dta saved
(24,349 observations deleted)
(0 observations deleted)

     +------------------------------------------------------+
     | rare_n~b   count_~d   percen~d   total_~d   missin~d |
     |------------------------------------------------------|
  1. |       no        117       38.2        306          0 |
  2. |      yes        189       61.8        306          0 |
     +------------------------------------------------------+
file /workspace/output/tables/baseline_table_redact_paxlovid.dta saved
(24,349 observations deleted)
(0 observations deleted)

     +------------------------------------------------------+
     | renal_~b   count_~d   percen~d   total_~d   missin~d |
     |------------------------------------------------------|
  1. |       no        195       63.7        306          0 |
  2. |      yes        111       36.3        306          0 |
     +------------------------------------------------------+
file /workspace/output/tables/baseline_table_redact_paxlovid.dta saved
(24,349 observations deleted)
(0 observations deleted)

     +------------------------------------------------------+
     | liver_~b   count_~d   percen~d   total_~d   missin~d |
     |------------------------------------------------------|
  1. |       no        231       75.5        306          0 |
  2. |      yes         75       24.5        306          0 |
     +------------------------------------------------------+
file /workspace/output/tables/baseline_table_redact_paxlovid.dta saved
(24,349 observations deleted)
(0 observations deleted)

     +------------------------------------------------------+
     | haem_d~b   count_~d   percen~d   total_~d   missin~d |
     |------------------------------------------------------|
  1. |       no        135       44.1        306          0 |
  2. |      yes        171       55.9        306          0 |
     +------------------------------------------------------+
file /workspace/output/tables/baseline_table_redact_paxlovid.dta saved
(24,349 observations deleted)
(0 observations deleted)

     +------------------------------------------------------+
     | solid_~b   count_~d   percen~d   total_~d   missin~d |
     |------------------------------------------------------|
  1. |       no        195       63.7        306          0 |
  2. |      yes        111       36.3        306          0 |
     +------------------------------------------------------+
file /workspace/output/tables/baseline_table_redact_paxlovid.dta saved
(24,349 observations deleted)
(0 observations deleted)

     +------------------------------------------------------+
     | downs_~b   count_~d   percen~d   total_~d   missin~d |
     |------------------------------------------------------|
  1. |       no        219         73        300          0 |
  2. |      yes         81         27        300          0 |
     +------------------------------------------------------+
file /workspace/output/tables/baseline_table_redact_paxlovid.dta saved
(24,349 observations deleted)
(0 observations deleted)

     +------------------------------------------------------+
     | hypert~n   count_~d   percen~d   total_~d   missin~d |
     |------------------------------------------------------|
  1. |       no        267       87.3        306          0 |
  2. |      yes         39       12.7        306          0 |
     +------------------------------------------------------+
file /workspace/output/tables/baseline_table_redact_paxlovid.dta saved
(24,349 observations deleted)
(0 observations deleted)

     +------------------------------------------------------+
     | diabetes   count_~d   percen~d   total_~d   missin~d |
     |------------------------------------------------------|
  1. |       no        279         93        300          0 |
  2. |      yes         21          7        300          0 |
     +------------------------------------------------------+
file /workspace/output/tables/baseline_table_redact_paxlovid.dta saved
(24,349 observations deleted)
(0 observations deleted)

     +------------------------------------------------------+
     | chroni~e   count_~d   percen~d   total_~d   missin~d |
     |------------------------------------------------------|
  1. |       no        285       93.1        306          0 |
  2. |      yes         21        6.9        306          0 |
     +------------------------------------------------------+
file /workspace/output/tables/baseline_table_redact_paxlovid.dta saved
(24,349 observations deleted)
(0 observations deleted)

     +------------------------------------------------------+
     | chroni~e   count_~d   percen~d   total_~d   missin~d |
     |------------------------------------------------------|
  1. |       no        279       91.2        306          0 |
  2. |      yes         27        8.8        306          0 |
     +------------------------------------------------------+
file /workspace/output/tables/baseline_table_redact_paxlovid.dta saved
(24,349 observations deleted)
(0 observations deleted)

     +------------------------------------------------------+
     | paxlov~d   count_~d   percen~d   total_~d   missin~d |
     |------------------------------------------------------|
  1. |       no        159         52        306          0 |
  2. |      yes        147         48        306          0 |
     +------------------------------------------------------+
file /workspace/output/tables/baseline_table_redact_paxlovid.dta saved
(24,349 observations deleted)
(0 observations deleted)

     +------------------------------------------------------+
     | prior_~d   count_~d   percen~d   total_~d   missin~d |
     |------------------------------------------------------|
  1. |       no        213       69.6        306          0 |
  2. |      yes         93       30.4        306          0 |
     +------------------------------------------------------+
file /workspace/output/tables/baseline_table_redact_paxlovid.dta saved
(24,349 observations deleted)
(0 observations deleted)

     +-----------------------------------------------------------------------+
     |        vaccination_status   count_~d   percen~d   total_~d   missin~d |
     |-----------------------------------------------------------------------|
  1. |             Un-vaccinated         63       20.8        303          0 |
  2. |           One vaccination         21        6.9        303          0 |
  3. |          Two vaccinations         33       10.9        303          0 |
  4. |        Three vaccinations        159       52.5        303          0 |
  5. | Four or more vaccinations         27        8.9        303          0 |
     +-----------------------------------------------------------------------+
file /workspace/output/tables/baseline_table_redact_paxlovid.dta saved
(24,349 observations deleted)
(0 observations deleted)

     +----------------------------------------------------------------------+
     |               region_nhs   count_~d   percen~d   total_~d   missin~d |
     |----------------------------------------------------------------------|
  1. |                     East         33       11.1        297          0 |
  2. |            East Midlands         39       13.1        297          0 |
  3. |                   London         57       19.2        297          0 |
  4. |               North East         21        7.1        297          0 |
  5. |               North West         39       13.1        297          0 |
     |----------------------------------------------------------------------|
  6. |               South East         27        9.1        297          0 |
  7. |               South West         27        9.1        297          0 |
  8. |            West Midlands         21        7.1        297          0 |
  9. | Yorkshire and The Humber         33       11.1        297          0 |
     +----------------------------------------------------------------------+
file /workspace/output/tables/baseline_table_redact_paxlovid.dta saved
(24,349 observations deleted)
(1 missing value generated)
(1 observation deleted)

     +--------------------------------------------------------------+
     |            imdq5   count_~d   percen~d   total_~d   missin~d |
     |--------------------------------------------------------------|
  1. | 1 least deprived         69       23.2        300          3 |
  2. |                2         57       19.2        300          3 |
  3. |                3         57       19.2        300          3 |
  4. |                4         57       19.2        300          3 |
  5. |  5 most deprived         57       19.2        300          3 |
     +--------------------------------------------------------------+
file /workspace/output/tables/baseline_table_redact_paxlovid.dta saved
(24,349 observations deleted)
(1 missing value generated)
(1 observation deleted)

     +---------------------------------------------------------+
     |   bmi_group   count_~d   percen~d   total_~d   missin~d |
     |---------------------------------------------------------|
  1. | underweight         27        9.4        303         15 |
  2. |      normal         75         26        303         15 |
  3. |  overweight         63       21.9        303         15 |
  4. |       obese        123       42.7        303         15 |
     +---------------------------------------------------------+
file /workspace/output/tables/baseline_table_redact_paxlovid.dta saved
(24,349 observations deleted)
(1 missing value generated)
(1 observation deleted)

     +---------------------------------------------------------+
     |   ethnicity   count_~d   percen~d   total_~d   missin~d |
     |---------------------------------------------------------|
  1. |       Black         15       12.5        297        177 |
  2. |       Other         15       12.5        297        177 |
  3. | South Asian          9        7.5        297        177 |
  4. |       White         81       67.5        297        177 |
     +---------------------------------------------------------+
file /workspace/output/tables/baseline_table_redact_paxlovid.dta saved
(24,349 observations deleted)
(0 observations deleted)

     +----------------------------------------------------+
     |    sex   count_~d   percen~d   total_~d   missin~d |
     |----------------------------------------------------|
  1. |   Male        147         49        300          0 |
  2. | Female        153         51        300          0 |
     +----------------------------------------------------+
file /workspace/output/tables/baseline_table_redact_paxlovid.dta saved
(24,349 observations deleted)
(0 observations deleted)

     +------------------------------------------------------+
     | age_gr~p   count_~d   percen~d   total_~d   missin~d |
     |------------------------------------------------------|
  1. |    18-39        105       34.7        303          0 |
  2. |    40-59        105       34.7        303          0 |
  3. |     >=60         93       30.7        303          0 |
     +------------------------------------------------------+
file /workspace/output/tables/baseline_table_redact_paxlovid.dta saved
14
O
file /workspace/output/tables/baseline_table_redact_bydrug.xls saved
(note: dataset contains 0 observations)
file /workspace/output/tables/baseline_table_redact_sotrovimab.dta saved
14
S
18
(downs_syndrome_comb: 0 changes made)
(solid_cancer_comb: 0 changes made)
(haem_disease_comb: 0 changes made)
(liver_disease_comb: 0 changes made)
(renal_disease_comb: 0 changes made)
(imid_on_drug_comb: 0 changes made)
(immunosupression_comb: 0 changes made)
(hiv_aids_comb: 0 changes made)
(organ_transplant_comb: 0 changes made)
(rare_neuro_comb: 0 changes made)
(diabetes: 0 changes made)
(chronic_cardiac_disease: 0 changes made)
(hypertension: 0 changes made)
(chronic_respiratory_disease: 0 changes made)
(prior_covid: 0 changes made)
(paxlovid_contraindicated: 0 changes made)
(24,379 observations deleted)
(0 observations deleted)

     +------------------------------------------------------+
     | organ_~b   count_~b   percen~b   total_~b   missin~b |
     |------------------------------------------------------|
  1. |       no        177       64.1        276          0 |
  2. |      yes         99       35.9        276          0 |
     +------------------------------------------------------+
file /workspace/output/tables/baseline_table_redact_sotrovimab.dta saved
(24,379 observations deleted)
(0 observations deleted)

     +------------------------------------------------------+
     | hiv_ai~b   count_~b   percen~b   total_~b   missin~b |
     |------------------------------------------------------|
  1. |       no        219       79.3        276          0 |
  2. |      yes         57       20.7        276          0 |
     +------------------------------------------------------+
file /workspace/output/tables/baseline_table_redact_sotrovimab.dta saved
(24,379 observations deleted)
(0 observations deleted)

     +------------------------------------------------------+
     | immuno~b   count_~b   percen~b   total_~b   missin~b |
     |------------------------------------------------------|
  1. |       no        231       83.7        276          0 |
  2. |      yes         45       16.3        276          0 |
     +------------------------------------------------------+
file /workspace/output/tables/baseline_table_redact_sotrovimab.dta saved
(24,379 observations deleted)
(0 observations deleted)

     +------------------------------------------------------+
     | imid_o~b   count_~b   percen~b   total_~b   missin~b |
     |------------------------------------------------------|
  1. |       no        159       58.9        270          0 |
  2. |      yes        111       41.1        270          0 |
     +------------------------------------------------------+
file /workspace/output/tables/baseline_table_redact_sotrovimab.dta saved
(24,379 observations deleted)
(0 observations deleted)

     +------------------------------------------------------+
     | rare_n~b   count_~b   percen~b   total_~b   missin~b |
     |------------------------------------------------------|
  1. |       no         93       34.4        270          0 |
  2. |      yes        177       65.6        270          0 |
     +------------------------------------------------------+
file /workspace/output/tables/baseline_table_redact_sotrovimab.dta saved
(24,379 observations deleted)
(0 observations deleted)

     +------------------------------------------------------+
     | renal_~b   count_~b   percen~b   total_~b   missin~b |
     |------------------------------------------------------|
  1. |       no        159       57.6        276          0 |
  2. |      yes        117       42.4        276          0 |
     +------------------------------------------------------+
file /workspace/output/tables/baseline_table_redact_sotrovimab.dta saved
(24,379 observations deleted)
(0 observations deleted)

     +------------------------------------------------------+
     | liver_~b   count_~b   percen~b   total_~b   missin~b |
     |------------------------------------------------------|
  1. |       no        201       72.8        276          0 |
  2. |      yes         75       27.2        276          0 |
     +------------------------------------------------------+
file /workspace/output/tables/baseline_table_redact_sotrovimab.dta saved
(24,379 observations deleted)
(0 observations deleted)

     +------------------------------------------------------+
     | haem_d~b   count_~b   percen~b   total_~b   missin~b |
     |------------------------------------------------------|
  1. |       no         99       35.9        276          0 |
  2. |      yes        177       64.1        276          0 |
     +------------------------------------------------------+
file /workspace/output/tables/baseline_table_redact_sotrovimab.dta saved
(24,379 observations deleted)
(0 observations deleted)

     +------------------------------------------------------+
     | solid_~b   count_~b   percen~b   total_~b   missin~b |
     |------------------------------------------------------|
  1. |       no        195       70.7        276          0 |
  2. |      yes         81       29.3        276          0 |
     +------------------------------------------------------+
file /workspace/output/tables/baseline_table_redact_sotrovimab.dta saved
(24,379 observations deleted)
(0 observations deleted)

     +------------------------------------------------------+
     | downs_~b   count_~b   percen~b   total_~b   missin~b |
     |------------------------------------------------------|
  1. |       no        183       66.3        276          0 |
  2. |      yes         93       33.7        276          0 |
     +------------------------------------------------------+
file /workspace/output/tables/baseline_table_redact_sotrovimab.dta saved
(24,379 observations deleted)
(0 observations deleted)

     +------------------------------------------------------+
     | hypert~n   count_~b   percen~b   total_~b   missin~b |
     |------------------------------------------------------|
  1. |       no        237       87.8        270          0 |
  2. |      yes         33       12.2        270          0 |
     +------------------------------------------------------+
file /workspace/output/tables/baseline_table_redact_sotrovimab.dta saved
(24,379 observations deleted)
(0 observations deleted)

     +------------------------------------------------------+
     | diabetes   count_~b   percen~b   total_~b   missin~b |
     |------------------------------------------------------|
  1. |       no        249       90.2        276          0 |
  2. |      yes         27        9.8        276          0 |
     +------------------------------------------------------+
file /workspace/output/tables/baseline_table_redact_sotrovimab.dta saved
(24,379 observations deleted)
(0 observations deleted)

     +------------------------------------------------------+
     | chroni~e   count_~b   percen~b   total_~b   missin~b |
     |------------------------------------------------------|
  1. |       no        249       90.2        276          0 |
  2. |      yes         27        9.8        276          0 |
     +------------------------------------------------------+
file /workspace/output/tables/baseline_table_redact_sotrovimab.dta saved
(24,379 observations deleted)
(0 observations deleted)

     +------------------------------------------------------+
     | chroni~e   count_~b   percen~b   total_~b   missin~b |
     |------------------------------------------------------|
  1. |       no        243         88        276          0 |
  2. |      yes         33         12        276          0 |
     +------------------------------------------------------+
file /workspace/output/tables/baseline_table_redact_sotrovimab.dta saved
(24,379 observations deleted)
(0 observations deleted)

     +------------------------------------------------------+
     | paxlov~d   count_~b   percen~b   total_~b   missin~b |
     |------------------------------------------------------|
  1. |       no        129       46.7        276          0 |
  2. |      yes        147       53.3        276          0 |
     +------------------------------------------------------+
file /workspace/output/tables/baseline_table_redact_sotrovimab.dta saved
(24,379 observations deleted)
(0 observations deleted)

     +------------------------------------------------------+
     | prior_~d   count_~b   percen~b   total_~b   missin~b |
     |------------------------------------------------------|
  1. |       no        189       68.5        276          0 |
  2. |      yes         87       31.5        276          0 |
     +------------------------------------------------------+
file /workspace/output/tables/baseline_table_redact_sotrovimab.dta saved
(24,379 observations deleted)
(0 observations deleted)

     +-----------------------------------------------------------------------+
     |        vaccination_status   count_~b   percen~b   total_~b   missin~b |
     |-----------------------------------------------------------------------|
  1. |             Un-vaccinated         57       20.9        273          0 |
  2. |           One vaccination         21        7.7        273          0 |
  3. |          Two vaccinations         21        7.7        273          0 |
  4. |        Three vaccinations        147       53.8        273          0 |
  5. | Four or more vaccinations         27        9.9        273          0 |
     +-----------------------------------------------------------------------+
file /workspace/output/tables/baseline_table_redact_sotrovimab.dta saved
(24,379 observations deleted)
(0 observations deleted)

     +----------------------------------------------------------------------+
     |               region_nhs   count_~b   percen~b   total_~b   missin~b |
     |----------------------------------------------------------------------|
  1. |                     East         21        7.7        273          0 |
  2. |            East Midlands         21        7.7        273          0 |
  3. |                   London         57       20.9        273          0 |
  4. |               North East         39       14.3        273          0 |
  5. |               North West         33       12.1        273          0 |
     |----------------------------------------------------------------------|
  6. |               South East         21        7.7        273          0 |
  7. |               South West         27        9.9        273          0 |
  8. |            West Midlands         33       12.1        273          0 |
  9. | Yorkshire and The Humber         21        7.7        273          0 |
     +----------------------------------------------------------------------+
file /workspace/output/tables/baseline_table_redact_sotrovimab.dta saved
(24,379 observations deleted)
(1 missing value generated)
(1 observation deleted)

     +--------------------------------------------------------------+
     |            imdq5   count_~b   percen~b   total_~b   missin~b |
     |--------------------------------------------------------------|
  1. | 1 least deprived         51       19.1        270          3 |
  2. |                2         39       14.6        270          3 |
  3. |                3         51       19.1        270          3 |
  4. |                4         57       21.3        270          3 |
  5. |  5 most deprived         69       25.8        270          3 |
     +--------------------------------------------------------------+
file /workspace/output/tables/baseline_table_redact_sotrovimab.dta saved
(24,379 observations deleted)
(1 missing value generated)
(1 observation deleted)

     +---------------------------------------------------------+
     |   bmi_group   count_~b   percen~b   total_~b   missin~b |
     |---------------------------------------------------------|
  1. | underweight         21        8.1        273         15 |
  2. |      normal         63       24.4        273         15 |
  3. |  overweight         57       22.1        273         15 |
  4. |       obese        117       45.3        273         15 |
     +---------------------------------------------------------+
file /workspace/output/tables/baseline_table_redact_sotrovimab.dta saved
(24,379 observations deleted)
(1 missing value generated)
(1 observation deleted)

     +---------------------------------------------------------+
     |   ethnicity   count_~b   percen~b   total_~b   missin~b |
     |---------------------------------------------------------|
  1. |       Black          9         10        273        183 |
  2. |       Other         15       16.7        273        183 |
  3. | South Asian          9         10        273        183 |
  4. |       White         57       63.3        273        183 |
     +---------------------------------------------------------+
file /workspace/output/tables/baseline_table_redact_sotrovimab.dta saved
(24,379 observations deleted)
(0 observations deleted)

     +----------------------------------------------------+
     |    sex   count_~b   percen~b   total_~b   missin~b |
     |----------------------------------------------------|
  1. |   Male        141       51.1        276          0 |
  2. | Female        135       48.9        276          0 |
     +----------------------------------------------------+
file /workspace/output/tables/baseline_table_redact_sotrovimab.dta saved
(24,379 observations deleted)
(0 observations deleted)

     +------------------------------------------------------+
     | age_gr~p   count_~b   percen~b   total_~b   missin~b |
     |------------------------------------------------------|
  1. |    18-39         99       36.3        273          0 |
  2. |    40-59         81       29.7        273          0 |
  3. |     >=60         93       34.1        273          0 |
     +------------------------------------------------------+
file /workspace/output/tables/baseline_table_redact_sotrovimab.dta saved
18
S
file /workspace/output/tables/baseline_table_redact_bydrug.xls saved

.         
. *Output tables as CSVs  
. import excel "$projectdir/output/tables/baseline_table_redact_bydrug.xls", cl
> ear
(22 vars, 65 obs)

. export delimited using "$projectdir/output/tables/baseline_table_redact_bydru
> g.csv" , replace           
(note: file /workspace/output/tables/baseline_table_redact_bydrug.csv not found
> )
file /workspace/output/tables/baseline_table_redact_bydrug.csv saved

.         
. **2. Continous variables
. clear *

. save "$projectdir/output/tables/baseline_table_redact_mean.dta", replace empt
> yok
(note: dataset contains 0 observations)
file /workspace/output/tables/baseline_table_redact_mean.dta saved

. use "$projectdir/output/data/main", clear

. decode drug, gen(drug_str)

. foreach var of varlist age {
  2.         preserve
  3.         collapse (count) "`var'_count"=`var' (mean) mean=`var' (sd) stdev=
> `var', by(drug_str)
  4.         gen variable = "`var'"
  5.         rename *count freq
  6.         gen count_mid  = (ceil(freq/6)*6) - (floor(6/2) * (freq!=0))
  7.         drop freq
  8.     order variable drug_str count mean stdev
  9.         list variable drug_str count mean stdev
 10.         append using "$projectdir/output/tables/baseline_table_redact_mean
> .dta"
 11.         save "$projectdir/output/tables/baseline_table_redact_mean.dta", r
> eplace
 12.         restore
 13.         preserve
 14.         collapse (count) "`var'_count"=`var' (mean) mean=`var' (sd) stdev=
> `var'
 15.         gen variable = "`var'"
 16.         rename *count freq
 17.         gen count_mid  = (ceil(freq/6)*6) - (floor(6/2) * (freq!=0))
 18.         drop freq
 19.         gen drug_str = "all"
 20.     order variable drug_str count mean stdev
 21.         list variable drug_str count mean stdev
 22.         append using "$projectdir/output/tables/baseline_table_redact_mean
> .dta"
 23.         save "$projectdir/output/tables/baseline_table_redact_mean.dta", r
> eplace
 24.         restore
 25. }       

     +--------------------------------------------------------+
     | variable       drug_str   count_~d      mean     stdev |
     |--------------------------------------------------------|
  1. |      age        control      23793   48.8128   19.0498 |
  2. |      age   molnupiravir        279    51.086   19.2277 |
  3. |      age       paxlovid        303    49.402   19.1294 |
  4. |      age     sotrovimab        273    49.337   19.0662 |
     +--------------------------------------------------------+
file /workspace/output/tables/baseline_table_redact_mean.dta saved

     +----------------------------------------------------+
     | variable   drug_str   count_~d      mean     stdev |
     |----------------------------------------------------|
  1. |      age        all      24657   48.8517   19.0535 |
     +----------------------------------------------------+
(note: variable drug_str was str3, now str12 to accommodate using data's
       values)
file /workspace/output/tables/baseline_table_redact_mean.dta saved

. use "$projectdir/output/tables/baseline_table_redact_mean.dta", clear

. save "$projectdir/output/tables/baseline_table_redact_mean.dta", replace
file /workspace/output/tables/baseline_table_redact_mean.dta saved

. export delimited using "$projectdir/output/tables/baseline_table_redact_mean.
> csv", replace              
(note: file /workspace/output/tables/baseline_table_redact_mean.csv not found)
file /workspace/output/tables/baseline_table_redact_mean.csv saved

. 
. log close
      name:  <unnamed>
       log:  /workspace/logs/redacted_table.log
  log type:  text
 closed on:   4 Oct 2023, 11:56:25
-------------------------------------------------------------------------------
