-----------------------------------------------------------
      name:  <unnamed>
       log:  C:\Users\k1635179\OneDrive - King's College Lo
> ndon\Katie\OpenSafely\Safety mAB and antivirals\Safety-So
> trovimab-Paxlovid-Molnupiravir\analysis/logs/cleaning_dat
> aset_combine.log
  log type:  text
 opened on:   3 Nov 2023, 19:52:30

. 
. *Set Ado file path
. adopath + "$projectdir/analysis/ado"
  [1]  (BASE)      "C:\Program Files\Stata17\ado\base/"
  [2]  (SITE)      "C:\Program Files\Stata17\ado\site/"
  [3]              "."
  [4]  (PERSONAL)  "C:\users\PUBLIC\documents/"
  [5]  (PLUS)      "C:\users\PUBLIC\documents/"
  [6]  (OLDPLACE)  "c:\ado/"
  [7]              "C:\Users\k1635179\OneDrive - King's Col
> lege London\Katie\OpenSafely\Safety mAB and antivirals\Sa
> fety-Sotrovimab-Paxlovid-Molnupiravir\analysis/analysis/a
> do"

. 
. 
. *********************************************************
> *********************************************************
> *****
. **                      MAIN ANALYSIS                   *
> *
. *********************************************************
> *********************************************************
> *****
. *       Import control dataset
. import delimited "$projectdir/output/input_control.csv", 
> clear
file C:\Users\k1635179\OneDrive - King's College London\Kat
> ie\OpenSafely\Safety mAB and antivirals\Safety-Sotrovimab
> -Paxlovid-Molnupiravir\analysis/output/input_control.csv 
> not found
r(601);

end of do-file

r(601);

. exit, clear
