-----------------------------------------------------------------------------------------------------------------------------------------------------------------------------------------------------------
      name:  <unnamed>
       log:  C:\Users\k1635179\OneDrive - King's College London\Katie\OpenSafely\Safety mAB and antivirals\Safety-Sotrovimab-Paxlovid-Molnupiravir\analysis/logs/preceed_rate.log
  log type:  text
 opened on:   6 Sep 2023, 15:33:07

. 
. *Set Ado file path
. adopath + "$projectdir/analysis/ado"
  [1]  (BASE)      "C:\Program Files\Stata17\ado\base/"
  [2]  (SITE)      "C:\Program Files\Stata17\ado\site/"
  [3]              "."
  [4]  (PERSONAL)  "C:\users\PUBLIC\documents/"
  [5]  (PLUS)      "C:\users\PUBLIC\documents/"
  [6]  (OLDPLACE)  "c:\ado/"
  [7]              "C:\Users\k1635179\OneDrive - King's College London\Katie\OpenSafely\Safety mAB and antivirals\Safety-Sotrovimab-Paxlovid-Molnupiravir\analysis/analysis/ado"

. 
. * SET Index date 
. global indexdate                        = "01/03/2020"

. 
. use "$projectdir/output/data/main", clear
file C:\Users\k1635179\OneDrive - King's College London\Katie\OpenSafely\Safety mAB and antivirals\Safety-Sotrovimab-Paxlovid-Molnupiravir\analysis/output/data/main.dta not found
r(601);

end of do-file

r(601);

. exit, clear
